2022-04-04 11:07:18 [-][-][-][error][yii\db\Exception] PDOException: SQLSTATE[HY000] [1049] Unknown database 'yii2advanced' in D:\OSPanel\domains\adv\vendor\yiisoft\yii2\db\Connection.php:721
Stack trace:
#0 D:\OSPanel\domains\adv\vendor\yiisoft\yii2\db\Connection.php(721): PDO->__construct('mysql:host=loca...', 'root', '', NULL)
#1 D:\OSPanel\domains\adv\vendor\yiisoft\yii2\db\Connection.php(636): yii\db\Connection->createPdoInstance()
#2 D:\OSPanel\domains\adv\vendor\yiisoft\yii2\db\Connection.php(1066): yii\db\Connection->open()
#3 D:\OSPanel\domains\adv\vendor\yiisoft\yii2\db\Connection.php(1053): yii\db\Connection->getMasterPdo()
#4 D:\OSPanel\domains\adv\vendor\yiisoft\yii2\db\Command.php(261): yii\db\Connection->getSlavePdo()
#5 D:\OSPanel\domains\adv\vendor\yiisoft\yii2\db\Command.php(1163): yii\db\Command->prepare(true)
#6 D:\OSPanel\domains\adv\vendor\yiisoft\yii2\db\Command.php(410): yii\db\Command->queryInternal('fetchAll', NULL)
#7 D:\OSPanel\domains\adv\vendor\yiisoft\yii2\db\mysql\Schema.php(320): yii\db\Command->queryAll()
#8 D:\OSPanel\domains\adv\vendor\yiisoft\yii2\db\mysql\Schema.php(125): yii\db\mysql\Schema->findColumns(Object(yii\db\TableSchema))
#9 D:\OSPanel\domains\adv\vendor\yiisoft\yii2\db\Schema.php(756): yii\db\mysql\Schema->loadTableSchema('migration')
#10 D:\OSPanel\domains\adv\vendor\yiisoft\yii2\db\Schema.php(192): yii\db\Schema->getTableMetadata('{{%migration}}', 'schema', true)
#11 D:\OSPanel\domains\adv\vendor\yiisoft\yii2\console\controllers\MigrateController.php(211): yii\db\Schema->getTableSchema('{{%migration}}', true)
#12 D:\OSPanel\domains\adv\vendor\yiisoft\yii2\console\controllers\BaseMigrateController.php(908): yii\console\controllers\MigrateController->getMigrationHistory(NULL)
#13 D:\OSPanel\domains\adv\vendor\yiisoft\yii2\console\controllers\BaseMigrateController.php(183): yii\console\controllers\BaseMigrateController->getNewMigrations()
#14 [internal function]: yii\console\controllers\BaseMigrateController->actionUp(0)
#15 D:\OSPanel\domains\adv\vendor\yiisoft\yii2\base\InlineAction.php(57): call_user_func_array(Array, Array)
#16 D:\OSPanel\domains\adv\vendor\yiisoft\yii2\base\Controller.php(178): yii\base\InlineAction->runWithParams(Array)
#17 D:\OSPanel\domains\adv\vendor\yiisoft\yii2\console\Controller.php(182): yii\base\Controller->runAction('', Array)
#18 D:\OSPanel\domains\adv\vendor\yiisoft\yii2\base\Module.php(552): yii\console\Controller->runAction('', Array)
#19 D:\OSPanel\domains\adv\vendor\yiisoft\yii2\console\Application.php(180): yii\base\Module->runAction('migrate', Array)
#20 D:\OSPanel\domains\adv\vendor\yiisoft\yii2\console\Application.php(147): yii\console\Application->runAction('migrate', Array)
#21 D:\OSPanel\domains\adv\vendor\yiisoft\yii2\base\Application.php(384): yii\console\Application->handleRequest(Object(yii\console\Request))
#22 D:\OSPanel\domains\adv\yii(23): yii\base\Application->run()
#23 {main}

Next yii\db\Exception: SQLSTATE[HY000] [1049] Unknown database 'yii2advanced' in D:\OSPanel\domains\adv\vendor\yiisoft\yii2\db\Connection.php:647
Stack trace:
#0 D:\OSPanel\domains\adv\vendor\yiisoft\yii2\db\Connection.php(1066): yii\db\Connection->open()
#1 D:\OSPanel\domains\adv\vendor\yiisoft\yii2\db\Connection.php(1053): yii\db\Connection->getMasterPdo()
#2 D:\OSPanel\domains\adv\vendor\yiisoft\yii2\db\Command.php(261): yii\db\Connection->getSlavePdo()
#3 D:\OSPanel\domains\adv\vendor\yiisoft\yii2\db\Command.php(1163): yii\db\Command->prepare(true)
#4 D:\OSPanel\domains\adv\vendor\yiisoft\yii2\db\Command.php(410): yii\db\Command->queryInternal('fetchAll', NULL)
#5 D:\OSPanel\domains\adv\vendor\yiisoft\yii2\db\mysql\Schema.php(320): yii\db\Command->queryAll()
#6 D:\OSPanel\domains\adv\vendor\yiisoft\yii2\db\mysql\Schema.php(125): yii\db\mysql\Schema->findColumns(Object(yii\db\TableSchema))
#7 D:\OSPanel\domains\adv\vendor\yiisoft\yii2\db\Schema.php(756): yii\db\mysql\Schema->loadTableSchema('migration')
#8 D:\OSPanel\domains\adv\vendor\yiisoft\yii2\db\Schema.php(192): yii\db\Schema->getTableMetadata('{{%migration}}', 'schema', true)
#9 D:\OSPanel\domains\adv\vendor\yiisoft\yii2\console\controllers\MigrateController.php(211): yii\db\Schema->getTableSchema('{{%migration}}', true)
#10 D:\OSPanel\domains\adv\vendor\yiisoft\yii2\console\controllers\BaseMigrateController.php(908): yii\console\controllers\MigrateController->getMigrationHistory(NULL)
#11 D:\OSPanel\domains\adv\vendor\yiisoft\yii2\console\controllers\BaseMigrateController.php(183): yii\console\controllers\BaseMigrateController->getNewMigrations()
#12 [internal function]: yii\console\controllers\BaseMigrateController->actionUp(0)
#13 D:\OSPanel\domains\adv\vendor\yiisoft\yii2\base\InlineAction.php(57): call_user_func_array(Array, Array)
#14 D:\OSPanel\domains\adv\vendor\yiisoft\yii2\base\Controller.php(178): yii\base\InlineAction->runWithParams(Array)
#15 D:\OSPanel\domains\adv\vendor\yiisoft\yii2\console\Controller.php(182): yii\base\Controller->runAction('', Array)
#16 D:\OSPanel\domains\adv\vendor\yiisoft\yii2\base\Module.php(552): yii\console\Controller->runAction('', Array)
#17 D:\OSPanel\domains\adv\vendor\yiisoft\yii2\console\Application.php(180): yii\base\Module->runAction('migrate', Array)
#18 D:\OSPanel\domains\adv\vendor\yiisoft\yii2\console\Application.php(147): yii\console\Application->runAction('migrate', Array)
#19 D:\OSPanel\domains\adv\vendor\yiisoft\yii2\base\Application.php(384): yii\console\Application->handleRequest(Object(yii\console\Request))
#20 D:\OSPanel\domains\adv\yii(23): yii\base\Application->run()
#21 {main}
Additional Information:

2022-04-04 11:07:18 [-][-][-][info][application] $_GET = []

$_POST = []

$_FILES = []

$_COOKIE = []

$_SERVER = [
    'ALLUSERSPROFILE' => 'C:\\ProgramData'
    'ANSICON' => '239x32766 (239x56)'
    'ANSICON_DEF' => '7'
    'APPDATA' => 'C:\\Users\\User\\AppData\\Roaming'
    'CommonProgramFiles' => 'C:\\Program Files\\Common Files'
    'CommonProgramFiles(x86)' => 'C:\\Program Files (x86)\\Common Files'
    'CommonProgramW6432' => 'C:\\Program Files\\Common Files'
    'COMPUTERNAME' => 'NV-PC323'
    'ComSpec' => 'C:\\Windows\\system32\\cmd.exe'
    'ConEmuANSI' => 'ON'
    'ConEmuAnsiLog' => ''
    'ConEmuArgs' => '/Single'
    'ConEmuArgs2' => ''
    'ConEmuBackHWND' => '0x00020500'
    'ConEmuBaseDir' => 'D:\\ospanel\\modules\\conemu\\ConEmu'
    'ConEmuBaseDirShort' => 'D:\\OSPanel\\modules\\conemu\\ConEmu'
    'ConEmuBuild' => '190301'
    'ConEmuCfgDir' => 'D:\\ospanel\\modules\\conemu'
    'ConEmuConfig' => ''
    'ConEmuDir' => 'D:\\ospanel\\modules\\conemu'
    'ConEmuDrawHWND' => '0x0002050A'
    'ConEmuDrive' => 'D:'
    'ConEmuHooks' => 'Enabled'
    'ConEmuHWND' => '0x00070246'
    'ConEmuPalette' => '<ConEmu>'
    'ConEmuPID' => '5700'
    'ConEmuServerPID' => '10264'
    'ConEmuTask' => '{Shells::cmd}'
    'ConEmuWorkDir' => 'd:\\ospanel'
    'ConEmuWorkDrive' => 'd:'
    'DriverData' => 'C:\\Windows\\System32\\Drivers\\DriverData'
    'FPS_BROWSER_APP_PROFILE_STRING' => 'Internet Explorer'
    'FPS_BROWSER_USER_PROFILE_STRING' => 'Default'
    'HOME' => 'd:\\ospanel'
    'HOMEDRIVE' => 'd:'
    'HOMEPATH' => '\\ospanel'
    'INTEL_DEV_REDIST' => 'C:\\Program Files (x86)\\Common Files\\Intel\\Shared Libraries\\'
    'LOCALAPPDATA' => 'C:\\Users\\User\\AppData\\Local'
    'LOGONSERVER' => '\\\\NV-PC323'
    'MAGICK_CODER_FILTER_PATH' => 'd:\\ospanel\\modules\\imagemagick\\modules\\filters'
    'MAGICK_CODER_MODULE_PATH' => 'd:\\ospanel\\modules\\imagemagick\\modules\\coders'
    'MAGICK_CONFIGURE_PATH' => 'd:\\ospanel\\modules\\imagemagick'
    'MAGICK_HOME' => 'd:\\ospanel\\modules\\imagemagick'
    'MAGICK_TEMPORARY_PATH' => 'd:\\ospanel\\userdata\\temp'
    'MIC_LD_LIBRARY_PATH' => 'C:\\Program Files (x86)\\Common Files\\Intel\\Shared Libraries\\compiler\\lib\\mic'
    'NUMBER_OF_PROCESSORS' => '8'
    'OneDrive' => 'C:\\Users\\User\\OneDrive'
    'OPENSSL_CONF' => 'd:\\ospanel\\modules\\http\\Apache_2.4-PHP_7.2-7.3-x64\\conf\\openssl.cnf'
    'OS' => 'Windows_NT'
    'Path' => 'D:\\ospanel\\modules\\conemu\\ConEmu\\Scripts;D:\\ospanel\\modules\\conemu;D:\\ospanel\\modules\\conemu\\ConEmu;d:\\ospanel\\modules\\php\\PHP_7.3-x64\\ext;d:\\ospanel\\modules\\php\\PHP_7.3-x64\\pear;d:\\ospanel\\modules\\php\\PHP_7.3-x64\\pear\\bin;d:\\ospanel\\modules\\php\\PHP_7.3-x64;d:\\ospanel\\modules\\imagemagick;d:\\ospanel\\modules\\wget\\bin;d:\\ospanel\\modules\\database\\MySQL-5.7-x64\\bin;d:\\ospanel\\modules\\http\\Apache_2.4-PHP_7.2-7.3-x64\\bin;d:\\ospanel\\modules\\http\\Apache_2.4-PHP_7.2-7.3-x64;C:\\Windows\\system32;C:\\Windows;C:\\Windows\\system32\\Wbem;C:\\Windows\\SysWOW64'
    'PATHEXT' => '.COM;.EXE;.BAT;.CMD;.VBS;.VBE;.JS;.JSE;.WSF;.WSH;.MSC'
    'PHPBIN' => 'd:\\ospanel\\modules\\php\\PHP_7.3-x64\\php.exe'
    'PHPDIR' => 'd:\\ospanel\\modules\\php\\PHP_7.3-x64\\'
    'PHPRC' => 'd:\\ospanel\\modules\\php\\PHP_7.3-x64'
    'PHP_BIN' => 'd:\\ospanel\\modules\\php\\PHP_7.3-x64\\php.exe'
    'PHP_BINARY' => 'd:\\ospanel\\modules\\php\\PHP_7.3-x64\\php.exe'
    'PHP_BINDIR' => 'd:\\ospanel\\modules\\php\\PHP_7.3-x64\\'
    'PHP_COMMAND' => 'php.exe'
    'PHP_DIR' => 'd:\\ospanel\\modules\\php\\PHP_7.3-x64\\'
    'PHP_INI' => 'd:\\ospanel\\modules\\php\\PHP_7.3-x64\\php.ini'
    'PHP_PEAR_BIN_DIR' => 'd:\\ospanel\\modules\\php\\PHP_7.3-x64\\PEAR'
    'PHP_PEAR_DATA_DIR' => 'd:\\ospanel\\modules\\php\\PHP_7.3-x64\\PEAR\\data'
    'PHP_PEAR_DOC_DIR' => 'd:\\ospanel\\modules\\php\\PHP_7.3-x64\\PEAR\\docs'
    'PHP_PEAR_INSTALL_DIR' => 'd:\\ospanel\\modules\\php\\PHP_7.3-x64\\PEAR\\pear'
    'PHP_PEAR_PHP_BIN' => 'd:\\ospanel\\modules\\php\\PHP_7.3-x64\\php.exe'
    'PHP_PEAR_SYSCONF_DIR' => 'd:\\ospanel\\modules\\php\\PHP_7.3-x64\\PEAR'
    'PHP_PEAR_TEST_DIR' => 'd:\\ospanel\\modules\\php\\PHP_7.3-x64\\PEAR\\tests'
    'PROCESSOR_ARCHITECTURE' => 'AMD64'
    'PROCESSOR_IDENTIFIER' => 'Intel64 Family 6 Model 165 Stepping 3, GenuineIntel'
    'PROCESSOR_LEVEL' => '6'
    'PROCESSOR_REVISION' => 'a503'
    'ProgramData' => 'C:\\ProgramData'
    'ProgramFiles' => 'C:\\Program Files'
    'ProgramFiles(x86)' => 'C:\\Program Files (x86)'
    'ProgramW6432' => 'C:\\Program Files'
    'PROMPT' => '$E[m$E[32m$E]9;8;\"USERNAME\"$E\\@$E]9;8;\"COMPUTERNAME\"$E\\$S$E[92m$P$E[90m$_$E[90m$$$E[m$S$E]9;12$E\\'
    'PSModulePath' => 'C:\\Program Files\\WindowsPowerShell\\Modules;C:\\Windows\\system32\\WindowsPowerShell\\v1.0\\Modules'
    'PUBLIC' => 'C:\\Users\\Public'
    'SESSIONNAME' => 'Console'
    'SystemDrive' => 'C:'
    'SystemRoot' => 'C:\\Windows'
    'TEMP' => 'd:\\ospanel\\userdata\\temp'
    'TMP' => 'd:\\ospanel\\userdata\\temp'
    'USERDOMAIN' => 'NV-PC323'
    'USERDOMAIN_ROAMINGPROFILE' => 'NV-PC323'
    'USERNAME' => 'User'
    'USERPROFILE' => 'C:\\Users\\User'
    'windir' => 'C:\\Windows'
    'YII_PATH' => 'd:\\OSPanel\\domains\\adv\\'
    'PHP_SELF' => 'd:\\OSPanel\\domains\\adv\\yii'
    'SCRIPT_NAME' => 'd:\\OSPanel\\domains\\adv\\yii'
    'SCRIPT_FILENAME' => 'd:\\OSPanel\\domains\\adv\\yii'
    'PATH_TRANSLATED' => 'd:\\OSPanel\\domains\\adv\\yii'
    'DOCUMENT_ROOT' => ''
    'REQUEST_TIME_FLOAT' => 1649059638.1087
    'REQUEST_TIME' => 1649059638
    'argv' => [
        0 => 'd:\\OSPanel\\domains\\adv\\yii'
        1 => 'migrate'
    ]
    'argc' => 2
]
2023-04-25 14:41:06 [-][-][-][error][yii\base\InvalidConfigException] yii\base\InvalidConfigException: You should configure "authManager" component to use database before executing this migration. in D:\OSPanel\domains\smk.loc\vendor\yiisoft\yii2\rbac\migrations\m140506_102106_rbac_init.php:27
Stack trace:
#0 D:\OSPanel\domains\smk.loc\vendor\yiisoft\yii2\rbac\migrations\m140506_102106_rbac_init.php(51): m140506_102106_rbac_init->getAuthManager()
#1 D:\OSPanel\domains\smk.loc\vendor\yiisoft\yii2\console\controllers\BaseMigrateController.php(758): m140506_102106_rbac_init->up()
#2 D:\OSPanel\domains\smk.loc\vendor\yiisoft\yii2\console\controllers\BaseMigrateController.php(216): yii\console\controllers\BaseMigrateController->migrateUp('m140506_102106_...')
#3 [internal function]: yii\console\controllers\BaseMigrateController->actionUp(0)
#4 D:\OSPanel\domains\smk.loc\vendor\yiisoft\yii2\base\InlineAction.php(57): call_user_func_array(Array, Array)
#5 D:\OSPanel\domains\smk.loc\vendor\yiisoft\yii2\base\Controller.php(178): yii\base\InlineAction->runWithParams(Array)
#6 D:\OSPanel\domains\smk.loc\vendor\yiisoft\yii2\console\Controller.php(180): yii\base\Controller->runAction('', Array)
#7 D:\OSPanel\domains\smk.loc\vendor\yiisoft\yii2\base\Module.php(552): yii\console\Controller->runAction('', Array)
#8 D:\OSPanel\domains\smk.loc\vendor\yiisoft\yii2\console\Application.php(180): yii\base\Module->runAction('migrate', Array)
#9 D:\OSPanel\domains\smk.loc\vendor\yiisoft\yii2\console\Application.php(147): yii\console\Application->runAction('migrate', Array)
#10 D:\OSPanel\domains\smk.loc\vendor\yiisoft\yii2\base\Application.php(384): yii\console\Application->handleRequest(Object(yii\console\Request))
#11 D:\OSPanel\domains\smk.loc\yii(23): yii\base\Application->run()
#12 {main}
2023-04-25 14:41:02 [-][-][-][info][application] $_GET = []

$_POST = []

$_FILES = []

$_COOKIE = []

$_SERVER = [
    'ALLUSERSPROFILE' => 'C:\\ProgramData'
    'ANSICON' => '94x32766 (94x34)'
    'ANSICON_DEF' => '7'
    'APPDATA' => 'C:\\Users\\User\\AppData\\Roaming'
    'CommonProgramFiles' => 'C:\\Program Files\\Common Files'
    'CommonProgramFiles(x86)' => 'C:\\Program Files (x86)\\Common Files'
    'CommonProgramW6432' => 'C:\\Program Files\\Common Files'
    'COMPUTERNAME' => 'NV-PC323'
    'ComSpec' => 'C:\\Windows\\system32\\cmd.exe'
    'ConEmuANSI' => 'ON'
    'ConEmuAnsiLog' => ''
    'ConEmuArgs' => '/Single'
    'ConEmuArgs2' => ''
    'ConEmuBackHWND' => '0x001404A8'
    'ConEmuBaseDir' => 'D:\\ospanel\\modules\\conemu\\ConEmu'
    'ConEmuBaseDirShort' => 'D:\\OSPanel\\modules\\conemu\\ConEmu'
    'ConEmuBuild' => '190301'
    'ConEmuCfgDir' => 'D:\\ospanel\\modules\\conemu'
    'ConEmuConfig' => ''
    'ConEmuDir' => 'D:\\ospanel\\modules\\conemu'
    'ConEmuDrawHWND' => '0x002D045C'
    'ConEmuDrive' => 'D:'
    'ConEmuHooks' => 'Enabled'
    'ConEmuHWND' => '0x002B04DA'
    'ConEmuPalette' => '<ConEmu>'
    'ConEmuPID' => '12212'
    'ConEmuServerPID' => '12664'
    'ConEmuTask' => '{Shells::cmd}'
    'ConEmuWorkDir' => 'd:\\ospanel'
    'ConEmuWorkDrive' => 'd:'
    'DriverData' => 'C:\\Windows\\System32\\Drivers\\DriverData'
    'FPS_BROWSER_APP_PROFILE_STRING' => 'Internet Explorer'
    'FPS_BROWSER_USER_PROFILE_STRING' => 'Default'
    'HOME' => 'd:\\ospanel'
    'HOMEDRIVE' => 'd:'
    'HOMEPATH' => '\\ospanel'
    'INTEL_DEV_REDIST' => 'C:\\Program Files (x86)\\Common Files\\Intel\\Shared Libraries\\'
    'LOCALAPPDATA' => 'C:\\Users\\User\\AppData\\Local'
    'LOGONSERVER' => '\\\\NV-PC323'
    'MAGICK_CODER_FILTER_PATH' => 'd:\\ospanel\\modules\\imagemagick\\modules\\filters'
    'MAGICK_CODER_MODULE_PATH' => 'd:\\ospanel\\modules\\imagemagick\\modules\\coders'
    'MAGICK_CONFIGURE_PATH' => 'd:\\ospanel\\modules\\imagemagick'
    'MAGICK_HOME' => 'd:\\ospanel\\modules\\imagemagick'
    'MAGICK_TEMPORARY_PATH' => 'd:\\ospanel\\userdata\\temp'
    'MIC_LD_LIBRARY_PATH' => 'C:\\Program Files (x86)\\Common Files\\Intel\\Shared Libraries\\compiler\\lib\\mic'
    'NUMBER_OF_PROCESSORS' => '8'
    'OneDrive' => 'D:\\ospanel\\modules\\php\\PHP_7.3-x64\\php.exe'
    'OPENSSL_CONF' => 'd:\\ospanel\\modules\\http\\Apache_2.4-PHP_7.2-7.3-x64\\conf\\openssl.cnf'
    'OS' => 'Windows_NT'
    'Path' => 'D:\\ospanel\\modules\\conemu\\ConEmu\\Scripts;D:\\ospanel\\modules\\conemu;D:\\ospanel\\modules\\conemu\\ConEmu;d:\\ospanel\\modules\\php\\PHP_7.3-x64\\ext;d:\\ospanel\\modules\\php\\PHP_7.3-x64\\pear;d:\\ospanel\\modules\\php\\PHP_7.3-x64\\pear\\bin;d:\\ospanel\\modules\\php\\PHP_7.3-x64;d:\\ospanel\\modules\\imagemagick;d:\\ospanel\\modules\\wget\\bin;d:\\ospanel\\modules\\database\\MySQL-5.7-x64\\bin;d:\\ospanel\\modules\\http\\Apache_2.4-PHP_7.2-7.3-x64\\bin;d:\\ospanel\\modules\\http\\Apache_2.4-PHP_7.2-7.3-x64;C:\\Windows\\system32;C:\\Windows;C:\\Windows\\system32\\Wbem;C:\\Windows\\SysWOW64'
    'PATHEXT' => '.COM;.EXE;.BAT;.CMD;.VBS;.VBE;.JS;.JSE;.WSF;.WSH;.MSC'
    'PHPBIN' => 'd:\\ospanel\\modules\\php\\PHP_7.3-x64\\php.exe'
    'PHPDIR' => 'd:\\ospanel\\modules\\php\\PHP_7.3-x64\\'
    'PHPRC' => 'd:\\ospanel\\modules\\php\\PHP_7.3-x64'
    'PHP_BIN' => 'd:\\ospanel\\modules\\php\\PHP_7.3-x64\\php.exe'
    'PHP_BINARY' => 'd:\\ospanel\\modules\\php\\PHP_7.3-x64\\php.exe'
    'PHP_BINDIR' => 'd:\\ospanel\\modules\\php\\PHP_7.3-x64\\'
    'PHP_COMMAND' => 'php.exe'
    'PHP_DIR' => 'd:\\ospanel\\modules\\php\\PHP_7.3-x64\\'
    'PHP_INI' => 'd:\\ospanel\\modules\\php\\PHP_7.3-x64\\php.ini'
    'PHP_PEAR_BIN_DIR' => 'd:\\ospanel\\modules\\php\\PHP_7.3-x64\\PEAR'
    'PHP_PEAR_DATA_DIR' => 'd:\\ospanel\\modules\\php\\PHP_7.3-x64\\PEAR\\data'
    'PHP_PEAR_DOC_DIR' => 'd:\\ospanel\\modules\\php\\PHP_7.3-x64\\PEAR\\docs'
    'PHP_PEAR_INSTALL_DIR' => 'd:\\ospanel\\modules\\php\\PHP_7.3-x64\\PEAR\\pear'
    'PHP_PEAR_PHP_BIN' => 'd:\\ospanel\\modules\\php\\PHP_7.3-x64\\php.exe'
    'PHP_PEAR_SYSCONF_DIR' => 'd:\\ospanel\\modules\\php\\PHP_7.3-x64\\PEAR'
    'PHP_PEAR_TEST_DIR' => 'd:\\ospanel\\modules\\php\\PHP_7.3-x64\\PEAR\\tests'
    'PROCESSOR_ARCHITECTURE' => 'AMD64'
    'PROCESSOR_IDENTIFIER' => 'Intel64 Family 6 Model 165 Stepping 3, GenuineIntel'
    'PROCESSOR_LEVEL' => '6'
    'PROCESSOR_REVISION' => 'a503'
    'ProgramData' => 'C:\\ProgramData'
    'ProgramFiles' => 'C:\\Program Files'
    'ProgramFiles(x86)' => 'C:\\Program Files (x86)'
    'ProgramW6432' => 'C:\\Program Files'
    'PROMPT' => '$E[m$E[32m$E]9;8;\"USERNAME\"$E\\@$E]9;8;\"COMPUTERNAME\"$E\\$S$E[92m$P$E[90m$_$E[90m$$$E[m$S$E]9;12$E\\'
    'PSModulePath' => 'C:\\Program Files\\WindowsPowerShell\\Modules;C:\\Windows\\system32\\WindowsPowerShell\\v1.0\\Modules'
    'PUBLIC' => 'C:\\Users\\Public'
    'SESSIONNAME' => 'Console'
    'SystemDrive' => 'C:'
    'SystemRoot' => 'C:\\Windows'
    'TEMP' => 'd:\\ospanel\\userdata\\temp'
    'TMP' => 'd:\\ospanel\\userdata\\temp'
    'USERDOMAIN' => 'NV-PC323'
    'USERDOMAIN_ROAMINGPROFILE' => 'NV-PC323'
    'USERNAME' => 'User'
    'USERPROFILE' => 'C:\\Users\\User'
    'windir' => 'C:\\Windows'
    'YII_PATH' => 'd:\\OSPanel\\domains\\smk.loc\\'
    'PHP_SELF' => 'd:\\OSPanel\\domains\\smk.loc\\yii'
    'SCRIPT_NAME' => 'd:\\OSPanel\\domains\\smk.loc\\yii'
    'SCRIPT_FILENAME' => 'd:\\OSPanel\\domains\\smk.loc\\yii'
    'PATH_TRANSLATED' => 'd:\\OSPanel\\domains\\smk.loc\\yii'
    'DOCUMENT_ROOT' => ''
    'REQUEST_TIME_FLOAT' => 1682422862.8678
    'REQUEST_TIME' => 1682422862
    'argv' => [
        0 => 'd:\\OSPanel\\domains\\smk.loc\\yii'
        1 => 'migrate'
        2 => '--migrationPath=@yii/rbac/migrations'
    ]
    'argc' => 3
]
2023-05-03 10:24:24 [-][-][-][error][yii\console\UnknownCommandException] yii\base\InvalidRouteException: Unable to resolve the request "migraate". in D:\OSPanel\domains\smk.loc\vendor\yiisoft\yii2\base\Module.php:561
Stack trace:
#0 D:\OSPanel\domains\smk.loc\vendor\yiisoft\yii2\console\Application.php(180): yii\base\Module->runAction('migraate', Array)
#1 D:\OSPanel\domains\smk.loc\vendor\yiisoft\yii2\console\Application.php(147): yii\console\Application->runAction('migraate', Array)
#2 D:\OSPanel\domains\smk.loc\vendor\yiisoft\yii2\base\Application.php(384): yii\console\Application->handleRequest(Object(yii\console\Request))
#3 D:\OSPanel\domains\smk.loc\yii(23): yii\base\Application->run()
#4 {main}

Next yii\console\UnknownCommandException: Unknown command "migraate". in D:\OSPanel\domains\smk.loc\vendor\yiisoft\yii2\console\Application.php:183
Stack trace:
#0 D:\OSPanel\domains\smk.loc\vendor\yiisoft\yii2\console\Application.php(147): yii\console\Application->runAction('migraate', Array)
#1 D:\OSPanel\domains\smk.loc\vendor\yiisoft\yii2\base\Application.php(384): yii\console\Application->handleRequest(Object(yii\console\Request))
#2 D:\OSPanel\domains\smk.loc\yii(23): yii\base\Application->run()
#3 {main}
2023-05-03 10:24:24 [-][-][-][info][application] $_GET = []

$_POST = []

$_FILES = []

$_COOKIE = []

$_SERVER = [
    'ALLUSERSPROFILE' => 'C:\\ProgramData'
    'ANSICON' => '94x32766 (94x34)'
    'ANSICON_DEF' => '7'
    'APPDATA' => 'C:\\Users\\User\\AppData\\Roaming'
    'CommonProgramFiles' => 'C:\\Program Files\\Common Files'
    'CommonProgramFiles(x86)' => 'C:\\Program Files (x86)\\Common Files'
    'CommonProgramW6432' => 'C:\\Program Files\\Common Files'
    'COMPUTERNAME' => 'NV-PC323'
    'ComSpec' => 'C:\\Windows\\system32\\cmd.exe'
    'ConEmuANSI' => 'ON'
    'ConEmuAnsiLog' => ''
    'ConEmuArgs' => '/Single'
    'ConEmuArgs2' => ''
    'ConEmuBackHWND' => '0x00040732'
    'ConEmuBaseDir' => 'D:\\ospanel\\modules\\conemu\\ConEmu'
    'ConEmuBaseDirShort' => 'D:\\OSPanel\\modules\\conemu\\ConEmu'
    'ConEmuBuild' => '190301'
    'ConEmuCfgDir' => 'D:\\ospanel\\modules\\conemu'
    'ConEmuConfig' => ''
    'ConEmuDir' => 'D:\\ospanel\\modules\\conemu'
    'ConEmuDrawHWND' => '0x0004074A'
    'ConEmuDrive' => 'D:'
    'ConEmuHooks' => 'Enabled'
    'ConEmuHWND' => '0x00160A32'
    'ConEmuPalette' => '<ConEmu>'
    'ConEmuPID' => '6936'
    'ConEmuServerPID' => '10072'
    'ConEmuTask' => '{Shells::cmd}'
    'ConEmuWorkDir' => 'd:\\ospanel'
    'ConEmuWorkDrive' => 'd:'
    'DriverData' => 'C:\\Windows\\System32\\Drivers\\DriverData'
    'FPS_BROWSER_APP_PROFILE_STRING' => 'Internet Explorer'
    'FPS_BROWSER_USER_PROFILE_STRING' => 'Default'
    'HOME' => 'd:\\ospanel'
    'HOMEDRIVE' => 'd:'
    'HOMEPATH' => '\\ospanel'
    'INTEL_DEV_REDIST' => 'C:\\Program Files (x86)\\Common Files\\Intel\\Shared Libraries\\'
    'LOCALAPPDATA' => 'C:\\Users\\User\\AppData\\Local'
    'LOGONSERVER' => '\\\\NV-PC323'
    'MAGICK_CODER_FILTER_PATH' => 'd:\\ospanel\\modules\\imagemagick\\modules\\filters'
    'MAGICK_CODER_MODULE_PATH' => 'd:\\ospanel\\modules\\imagemagick\\modules\\coders'
    'MAGICK_CONFIGURE_PATH' => 'd:\\ospanel\\modules\\imagemagick'
    'MAGICK_HOME' => 'd:\\ospanel\\modules\\imagemagick'
    'MAGICK_TEMPORARY_PATH' => 'd:\\ospanel\\userdata\\temp'
    'MIC_LD_LIBRARY_PATH' => 'C:\\Program Files (x86)\\Common Files\\Intel\\Shared Libraries\\compiler\\lib\\mic'
    'NUMBER_OF_PROCESSORS' => '8'
    'OneDrive' => 'D:\\ospanel\\modules\\php\\PHP_7.3-x64\\php.exe'
    'OPENSSL_CONF' => 'd:\\ospanel\\modules\\http\\Apache_2.4-PHP_7.2-7.3-x64\\conf\\openssl.cnf'
    'OS' => 'Windows_NT'
    'Path' => 'D:\\ospanel\\modules\\conemu\\ConEmu\\Scripts;D:\\ospanel\\modules\\conemu;D:\\ospanel\\modules\\conemu\\ConEmu;d:\\ospanel\\modules\\php\\PHP_7.3-x64\\ext;d:\\ospanel\\modules\\php\\PHP_7.3-x64\\pear;d:\\ospanel\\modules\\php\\PHP_7.3-x64\\pear\\bin;d:\\ospanel\\modules\\php\\PHP_7.3-x64;d:\\ospanel\\modules\\imagemagick;d:\\ospanel\\modules\\wget\\bin;d:\\ospanel\\modules\\database\\MySQL-5.7-x64\\bin;d:\\ospanel\\modules\\http\\Apache_2.4-PHP_7.2-7.3-x64\\bin;d:\\ospanel\\modules\\http\\Apache_2.4-PHP_7.2-7.3-x64;C:\\Windows\\system32;C:\\Windows;C:\\Windows\\system32\\Wbem;C:\\Windows\\SysWOW64'
    'PATHEXT' => '.COM;.EXE;.BAT;.CMD;.VBS;.VBE;.JS;.JSE;.WSF;.WSH;.MSC'
    'PHPBIN' => 'd:\\ospanel\\modules\\php\\PHP_7.3-x64\\php.exe'
    'PHPDIR' => 'd:\\ospanel\\modules\\php\\PHP_7.3-x64\\'
    'PHPRC' => 'd:\\ospanel\\modules\\php\\PHP_7.3-x64'
    'PHP_BIN' => 'd:\\ospanel\\modules\\php\\PHP_7.3-x64\\php.exe'
    'PHP_BINARY' => 'd:\\ospanel\\modules\\php\\PHP_7.3-x64\\php.exe'
    'PHP_BINDIR' => 'd:\\ospanel\\modules\\php\\PHP_7.3-x64\\'
    'PHP_COMMAND' => 'php.exe'
    'PHP_DIR' => 'd:\\ospanel\\modules\\php\\PHP_7.3-x64\\'
    'PHP_INI' => 'd:\\ospanel\\modules\\php\\PHP_7.3-x64\\php.ini'
    'PHP_PEAR_BIN_DIR' => 'd:\\ospanel\\modules\\php\\PHP_7.3-x64\\PEAR'
    'PHP_PEAR_DATA_DIR' => 'd:\\ospanel\\modules\\php\\PHP_7.3-x64\\PEAR\\data'
    'PHP_PEAR_DOC_DIR' => 'd:\\ospanel\\modules\\php\\PHP_7.3-x64\\PEAR\\docs'
    'PHP_PEAR_INSTALL_DIR' => 'd:\\ospanel\\modules\\php\\PHP_7.3-x64\\PEAR\\pear'
    'PHP_PEAR_PHP_BIN' => 'd:\\ospanel\\modules\\php\\PHP_7.3-x64\\php.exe'
    'PHP_PEAR_SYSCONF_DIR' => 'd:\\ospanel\\modules\\php\\PHP_7.3-x64\\PEAR'
    'PHP_PEAR_TEST_DIR' => 'd:\\ospanel\\modules\\php\\PHP_7.3-x64\\PEAR\\tests'
    'PROCESSOR_ARCHITECTURE' => 'AMD64'
    'PROCESSOR_IDENTIFIER' => 'Intel64 Family 6 Model 165 Stepping 3, GenuineIntel'
    'PROCESSOR_LEVEL' => '6'
    'PROCESSOR_REVISION' => 'a503'
    'ProgramData' => 'C:\\ProgramData'
    'ProgramFiles' => 'C:\\Program Files'
    'ProgramFiles(x86)' => 'C:\\Program Files (x86)'
    'ProgramW6432' => 'C:\\Program Files'
    'PROMPT' => '$E[m$E[32m$E]9;8;\"USERNAME\"$E\\@$E]9;8;\"COMPUTERNAME\"$E\\$S$E[92m$P$E[90m$_$E[90m$$$E[m$S$E]9;12$E\\'
    'PSModulePath' => 'C:\\Program Files\\WindowsPowerShell\\Modules;C:\\Windows\\system32\\WindowsPowerShell\\v1.0\\Modules'
    'PUBLIC' => 'C:\\Users\\Public'
    'SESSIONNAME' => 'Console'
    'SystemDrive' => 'C:'
    'SystemRoot' => 'C:\\Windows'
    'TEMP' => 'd:\\ospanel\\userdata\\temp'
    'TMP' => 'd:\\ospanel\\userdata\\temp'
    'USERDOMAIN' => 'NV-PC323'
    'USERDOMAIN_ROAMINGPROFILE' => 'NV-PC323'
    'USERNAME' => 'User'
    'USERPROFILE' => 'C:\\Users\\User'
    'windir' => 'C:\\Windows'
    'YII_PATH' => 'd:\\OSPanel\\domains\\smk.loc\\'
    'PHP_SELF' => 'd:\\OSPanel\\domains\\smk.loc\\yii'
    'SCRIPT_NAME' => 'd:\\OSPanel\\domains\\smk.loc\\yii'
    'SCRIPT_FILENAME' => 'd:\\OSPanel\\domains\\smk.loc\\yii'
    'PATH_TRANSLATED' => 'd:\\OSPanel\\domains\\smk.loc\\yii'
    'DOCUMENT_ROOT' => ''
    'REQUEST_TIME_FLOAT' => 1683098664.8823
    'REQUEST_TIME' => 1683098664
    'argv' => [
        0 => 'd:\\OSPanel\\domains\\smk.loc\\yii'
        1 => 'migraate'
    ]
    'argc' => 2
]
2023-05-04 10:32:36 [-][-][-][error][yii\console\UnknownCommandException] yii\base\InvalidRouteException: Unable to resolve the request "migraate/create". in D:\OSPanel\domains\smk.loc\vendor\yiisoft\yii2\base\Module.php:561
Stack trace:
#0 D:\OSPanel\domains\smk.loc\vendor\yiisoft\yii2\console\Application.php(180): yii\base\Module->runAction('migraate/create', Array)
#1 D:\OSPanel\domains\smk.loc\vendor\yiisoft\yii2\console\Application.php(147): yii\console\Application->runAction('migraate/create', Array)
#2 D:\OSPanel\domains\smk.loc\vendor\yiisoft\yii2\base\Application.php(384): yii\console\Application->handleRequest(Object(yii\console\Request))
#3 D:\OSPanel\domains\smk.loc\yii(23): yii\base\Application->run()
#4 {main}

Next yii\console\UnknownCommandException: Unknown command "migraate/create". in D:\OSPanel\domains\smk.loc\vendor\yiisoft\yii2\console\Application.php:183
Stack trace:
#0 D:\OSPanel\domains\smk.loc\vendor\yiisoft\yii2\console\Application.php(147): yii\console\Application->runAction('migraate/create', Array)
#1 D:\OSPanel\domains\smk.loc\vendor\yiisoft\yii2\base\Application.php(384): yii\console\Application->handleRequest(Object(yii\console\Request))
#2 D:\OSPanel\domains\smk.loc\yii(23): yii\base\Application->run()
#3 {main}
2023-05-04 10:32:36 [-][-][-][info][application] $_GET = []

$_POST = []

$_FILES = []

$_COOKIE = []

$_SERVER = [
    'ALLUSERSPROFILE' => 'C:\\ProgramData'
    'ANSICON' => '94x32766 (94x34)'
    'ANSICON_DEF' => '7'
    'APPDATA' => 'C:\\Users\\User\\AppData\\Roaming'
    'CommonProgramFiles' => 'C:\\Program Files\\Common Files'
    'CommonProgramFiles(x86)' => 'C:\\Program Files (x86)\\Common Files'
    'CommonProgramW6432' => 'C:\\Program Files\\Common Files'
    'COMPUTERNAME' => 'NV-PC323'
    'ComSpec' => 'C:\\Windows\\system32\\cmd.exe'
    'ConEmuANSI' => 'ON'
    'ConEmuAnsiLog' => ''
    'ConEmuArgs' => '/Single'
    'ConEmuArgs2' => ''
    'ConEmuBackHWND' => '0x00040732'
    'ConEmuBaseDir' => 'D:\\ospanel\\modules\\conemu\\ConEmu'
    'ConEmuBaseDirShort' => 'D:\\OSPanel\\modules\\conemu\\ConEmu'
    'ConEmuBuild' => '190301'
    'ConEmuCfgDir' => 'D:\\ospanel\\modules\\conemu'
    'ConEmuConfig' => ''
    'ConEmuDir' => 'D:\\ospanel\\modules\\conemu'
    'ConEmuDrawHWND' => '0x0004074A'
    'ConEmuDrive' => 'D:'
    'ConEmuHooks' => 'Enabled'
    'ConEmuHWND' => '0x00160A32'
    'ConEmuPalette' => '<ConEmu>'
    'ConEmuPID' => '6936'
    'ConEmuServerPID' => '10072'
    'ConEmuTask' => '{Shells::cmd}'
    'ConEmuWorkDir' => 'd:\\ospanel'
    'ConEmuWorkDrive' => 'd:'
    'DriverData' => 'C:\\Windows\\System32\\Drivers\\DriverData'
    'FPS_BROWSER_APP_PROFILE_STRING' => 'Internet Explorer'
    'FPS_BROWSER_USER_PROFILE_STRING' => 'Default'
    'HOME' => 'd:\\ospanel'
    'HOMEDRIVE' => 'd:'
    'HOMEPATH' => '\\ospanel'
    'INTEL_DEV_REDIST' => 'C:\\Program Files (x86)\\Common Files\\Intel\\Shared Libraries\\'
    'LOCALAPPDATA' => 'C:\\Users\\User\\AppData\\Local'
    'LOGONSERVER' => '\\\\NV-PC323'
    'MAGICK_CODER_FILTER_PATH' => 'd:\\ospanel\\modules\\imagemagick\\modules\\filters'
    'MAGICK_CODER_MODULE_PATH' => 'd:\\ospanel\\modules\\imagemagick\\modules\\coders'
    'MAGICK_CONFIGURE_PATH' => 'd:\\ospanel\\modules\\imagemagick'
    'MAGICK_HOME' => 'd:\\ospanel\\modules\\imagemagick'
    'MAGICK_TEMPORARY_PATH' => 'd:\\ospanel\\userdata\\temp'
    'MIC_LD_LIBRARY_PATH' => 'C:\\Program Files (x86)\\Common Files\\Intel\\Shared Libraries\\compiler\\lib\\mic'
    'NUMBER_OF_PROCESSORS' => '8'
    'OneDrive' => 'D:\\ospanel\\modules\\php\\PHP_7.3-x64\\php.exe'
    'OPENSSL_CONF' => 'd:\\ospanel\\modules\\http\\Apache_2.4-PHP_7.2-7.3-x64\\conf\\openssl.cnf'
    'OS' => 'Windows_NT'
    'Path' => 'D:\\ospanel\\modules\\conemu\\ConEmu\\Scripts;D:\\ospanel\\modules\\conemu;D:\\ospanel\\modules\\conemu\\ConEmu;d:\\ospanel\\modules\\php\\PHP_7.3-x64\\ext;d:\\ospanel\\modules\\php\\PHP_7.3-x64\\pear;d:\\ospanel\\modules\\php\\PHP_7.3-x64\\pear\\bin;d:\\ospanel\\modules\\php\\PHP_7.3-x64;d:\\ospanel\\modules\\imagemagick;d:\\ospanel\\modules\\wget\\bin;d:\\ospanel\\modules\\database\\MySQL-5.7-x64\\bin;d:\\ospanel\\modules\\http\\Apache_2.4-PHP_7.2-7.3-x64\\bin;d:\\ospanel\\modules\\http\\Apache_2.4-PHP_7.2-7.3-x64;C:\\Windows\\system32;C:\\Windows;C:\\Windows\\system32\\Wbem;C:\\Windows\\SysWOW64'
    'PATHEXT' => '.COM;.EXE;.BAT;.CMD;.VBS;.VBE;.JS;.JSE;.WSF;.WSH;.MSC'
    'PHPBIN' => 'd:\\ospanel\\modules\\php\\PHP_7.3-x64\\php.exe'
    'PHPDIR' => 'd:\\ospanel\\modules\\php\\PHP_7.3-x64\\'
    'PHPRC' => 'd:\\ospanel\\modules\\php\\PHP_7.3-x64'
    'PHP_BIN' => 'd:\\ospanel\\modules\\php\\PHP_7.3-x64\\php.exe'
    'PHP_BINARY' => 'd:\\ospanel\\modules\\php\\PHP_7.3-x64\\php.exe'
    'PHP_BINDIR' => 'd:\\ospanel\\modules\\php\\PHP_7.3-x64\\'
    'PHP_COMMAND' => 'php.exe'
    'PHP_DIR' => 'd:\\ospanel\\modules\\php\\PHP_7.3-x64\\'
    'PHP_INI' => 'd:\\ospanel\\modules\\php\\PHP_7.3-x64\\php.ini'
    'PHP_PEAR_BIN_DIR' => 'd:\\ospanel\\modules\\php\\PHP_7.3-x64\\PEAR'
    'PHP_PEAR_DATA_DIR' => 'd:\\ospanel\\modules\\php\\PHP_7.3-x64\\PEAR\\data'
    'PHP_PEAR_DOC_DIR' => 'd:\\ospanel\\modules\\php\\PHP_7.3-x64\\PEAR\\docs'
    'PHP_PEAR_INSTALL_DIR' => 'd:\\ospanel\\modules\\php\\PHP_7.3-x64\\PEAR\\pear'
    'PHP_PEAR_PHP_BIN' => 'd:\\ospanel\\modules\\php\\PHP_7.3-x64\\php.exe'
    'PHP_PEAR_SYSCONF_DIR' => 'd:\\ospanel\\modules\\php\\PHP_7.3-x64\\PEAR'
    'PHP_PEAR_TEST_DIR' => 'd:\\ospanel\\modules\\php\\PHP_7.3-x64\\PEAR\\tests'
    'PROCESSOR_ARCHITECTURE' => 'AMD64'
    'PROCESSOR_IDENTIFIER' => 'Intel64 Family 6 Model 165 Stepping 3, GenuineIntel'
    'PROCESSOR_LEVEL' => '6'
    'PROCESSOR_REVISION' => 'a503'
    'ProgramData' => 'C:\\ProgramData'
    'ProgramFiles' => 'C:\\Program Files'
    'ProgramFiles(x86)' => 'C:\\Program Files (x86)'
    'ProgramW6432' => 'C:\\Program Files'
    'PROMPT' => '$E[m$E[32m$E]9;8;\"USERNAME\"$E\\@$E]9;8;\"COMPUTERNAME\"$E\\$S$E[92m$P$E[90m$_$E[90m$$$E[m$S$E]9;12$E\\'
    'PSModulePath' => 'C:\\Program Files\\WindowsPowerShell\\Modules;C:\\Windows\\system32\\WindowsPowerShell\\v1.0\\Modules'
    'PUBLIC' => 'C:\\Users\\Public'
    'SESSIONNAME' => 'Console'
    'SystemDrive' => 'C:'
    'SystemRoot' => 'C:\\Windows'
    'TEMP' => 'd:\\ospanel\\userdata\\temp'
    'TMP' => 'd:\\ospanel\\userdata\\temp'
    'USERDOMAIN' => 'NV-PC323'
    'USERDOMAIN_ROAMINGPROFILE' => 'NV-PC323'
    'USERNAME' => 'User'
    'USERPROFILE' => 'C:\\Users\\User'
    'windir' => 'C:\\Windows'
    'YII_PATH' => 'd:\\OSPanel\\domains\\smk.loc\\'
    'PHP_SELF' => 'd:\\OSPanel\\domains\\smk.loc\\yii'
    'SCRIPT_NAME' => 'd:\\OSPanel\\domains\\smk.loc\\yii'
    'SCRIPT_FILENAME' => 'd:\\OSPanel\\domains\\smk.loc\\yii'
    'PATH_TRANSLATED' => 'd:\\OSPanel\\domains\\smk.loc\\yii'
    'DOCUMENT_ROOT' => ''
    'REQUEST_TIME_FLOAT' => 1683185556.3659
    'REQUEST_TIME' => 1683185556
    'argv' => [
        0 => 'd:\\OSPanel\\domains\\smk.loc\\yii'
        1 => 'migraate/create'
        2 => 'answer'
        3 => 'table'
    ]
    'argc' => 4
]
2023-05-05 14:23:39 [-][-][-][error][yii\console\UnknownCommandException] yii\base\InvalidRouteException: Unable to resolve the request "mkigrate". in D:\OSPanel\domains\smk.loc\vendor\yiisoft\yii2\base\Module.php:561
Stack trace:
#0 D:\OSPanel\domains\smk.loc\vendor\yiisoft\yii2\console\Application.php(180): yii\base\Module->runAction('mkigrate', Array)
#1 D:\OSPanel\domains\smk.loc\vendor\yiisoft\yii2\console\Application.php(147): yii\console\Application->runAction('mkigrate', Array)
#2 D:\OSPanel\domains\smk.loc\vendor\yiisoft\yii2\base\Application.php(384): yii\console\Application->handleRequest(Object(yii\console\Request))
#3 D:\OSPanel\domains\smk.loc\yii(23): yii\base\Application->run()
#4 {main}

Next yii\console\UnknownCommandException: Unknown command "mkigrate". in D:\OSPanel\domains\smk.loc\vendor\yiisoft\yii2\console\Application.php:183
Stack trace:
#0 D:\OSPanel\domains\smk.loc\vendor\yiisoft\yii2\console\Application.php(147): yii\console\Application->runAction('mkigrate', Array)
#1 D:\OSPanel\domains\smk.loc\vendor\yiisoft\yii2\base\Application.php(384): yii\console\Application->handleRequest(Object(yii\console\Request))
#2 D:\OSPanel\domains\smk.loc\yii(23): yii\base\Application->run()
#3 {main}
2023-05-05 14:23:39 [-][-][-][info][application] $_GET = []

$_POST = []

$_FILES = []

$_COOKIE = []

$_SERVER = [
    'ALLUSERSPROFILE' => 'C:\\ProgramData'
    'ANSICON' => '94x32766 (94x34)'
    'ANSICON_DEF' => '7'
    'APPDATA' => 'C:\\Users\\User\\AppData\\Roaming'
    'CommonProgramFiles' => 'C:\\Program Files\\Common Files'
    'CommonProgramFiles(x86)' => 'C:\\Program Files (x86)\\Common Files'
    'CommonProgramW6432' => 'C:\\Program Files\\Common Files'
    'COMPUTERNAME' => 'NV-PC323'
    'ComSpec' => 'C:\\Windows\\system32\\cmd.exe'
    'ConEmuANSI' => 'ON'
    'ConEmuAnsiLog' => ''
    'ConEmuArgs' => '/Single'
    'ConEmuArgs2' => ''
    'ConEmuBackHWND' => '0x00040732'
    'ConEmuBaseDir' => 'D:\\ospanel\\modules\\conemu\\ConEmu'
    'ConEmuBaseDirShort' => 'D:\\OSPanel\\modules\\conemu\\ConEmu'
    'ConEmuBuild' => '190301'
    'ConEmuCfgDir' => 'D:\\ospanel\\modules\\conemu'
    'ConEmuConfig' => ''
    'ConEmuDir' => 'D:\\ospanel\\modules\\conemu'
    'ConEmuDrawHWND' => '0x0004074A'
    'ConEmuDrive' => 'D:'
    'ConEmuHooks' => 'Enabled'
    'ConEmuHWND' => '0x00160A32'
    'ConEmuPalette' => '<ConEmu>'
    'ConEmuPID' => '6936'
    'ConEmuServerPID' => '10072'
    'ConEmuTask' => '{Shells::cmd}'
    'ConEmuWorkDir' => 'd:\\ospanel'
    'ConEmuWorkDrive' => 'd:'
    'DriverData' => 'C:\\Windows\\System32\\Drivers\\DriverData'
    'FPS_BROWSER_APP_PROFILE_STRING' => 'Internet Explorer'
    'FPS_BROWSER_USER_PROFILE_STRING' => 'Default'
    'HOME' => 'd:\\ospanel'
    'HOMEDRIVE' => 'd:'
    'HOMEPATH' => '\\ospanel'
    'INTEL_DEV_REDIST' => 'C:\\Program Files (x86)\\Common Files\\Intel\\Shared Libraries\\'
    'LOCALAPPDATA' => 'C:\\Users\\User\\AppData\\Local'
    'LOGONSERVER' => '\\\\NV-PC323'
    'MAGICK_CODER_FILTER_PATH' => 'd:\\ospanel\\modules\\imagemagick\\modules\\filters'
    'MAGICK_CODER_MODULE_PATH' => 'd:\\ospanel\\modules\\imagemagick\\modules\\coders'
    'MAGICK_CONFIGURE_PATH' => 'd:\\ospanel\\modules\\imagemagick'
    'MAGICK_HOME' => 'd:\\ospanel\\modules\\imagemagick'
    'MAGICK_TEMPORARY_PATH' => 'd:\\ospanel\\userdata\\temp'
    'MIC_LD_LIBRARY_PATH' => 'C:\\Program Files (x86)\\Common Files\\Intel\\Shared Libraries\\compiler\\lib\\mic'
    'NUMBER_OF_PROCESSORS' => '8'
    'OneDrive' => 'D:\\ospanel\\modules\\php\\PHP_7.3-x64\\php.exe'
    'OPENSSL_CONF' => 'd:\\ospanel\\modules\\http\\Apache_2.4-PHP_7.2-7.3-x64\\conf\\openssl.cnf'
    'OS' => 'Windows_NT'
    'Path' => 'D:\\ospanel\\modules\\conemu\\ConEmu\\Scripts;D:\\ospanel\\modules\\conemu;D:\\ospanel\\modules\\conemu\\ConEmu;d:\\ospanel\\modules\\php\\PHP_7.3-x64\\ext;d:\\ospanel\\modules\\php\\PHP_7.3-x64\\pear;d:\\ospanel\\modules\\php\\PHP_7.3-x64\\pear\\bin;d:\\ospanel\\modules\\php\\PHP_7.3-x64;d:\\ospanel\\modules\\imagemagick;d:\\ospanel\\modules\\wget\\bin;d:\\ospanel\\modules\\database\\MySQL-5.7-x64\\bin;d:\\ospanel\\modules\\http\\Apache_2.4-PHP_7.2-7.3-x64\\bin;d:\\ospanel\\modules\\http\\Apache_2.4-PHP_7.2-7.3-x64;C:\\Windows\\system32;C:\\Windows;C:\\Windows\\system32\\Wbem;C:\\Windows\\SysWOW64'
    'PATHEXT' => '.COM;.EXE;.BAT;.CMD;.VBS;.VBE;.JS;.JSE;.WSF;.WSH;.MSC'
    'PHPBIN' => 'd:\\ospanel\\modules\\php\\PHP_7.3-x64\\php.exe'
    'PHPDIR' => 'd:\\ospanel\\modules\\php\\PHP_7.3-x64\\'
    'PHPRC' => 'd:\\ospanel\\modules\\php\\PHP_7.3-x64'
    'PHP_BIN' => 'd:\\ospanel\\modules\\php\\PHP_7.3-x64\\php.exe'
    'PHP_BINARY' => 'd:\\ospanel\\modules\\php\\PHP_7.3-x64\\php.exe'
    'PHP_BINDIR' => 'd:\\ospanel\\modules\\php\\PHP_7.3-x64\\'
    'PHP_COMMAND' => 'php.exe'
    'PHP_DIR' => 'd:\\ospanel\\modules\\php\\PHP_7.3-x64\\'
    'PHP_INI' => 'd:\\ospanel\\modules\\php\\PHP_7.3-x64\\php.ini'
    'PHP_PEAR_BIN_DIR' => 'd:\\ospanel\\modules\\php\\PHP_7.3-x64\\PEAR'
    'PHP_PEAR_DATA_DIR' => 'd:\\ospanel\\modules\\php\\PHP_7.3-x64\\PEAR\\data'
    'PHP_PEAR_DOC_DIR' => 'd:\\ospanel\\modules\\php\\PHP_7.3-x64\\PEAR\\docs'
    'PHP_PEAR_INSTALL_DIR' => 'd:\\ospanel\\modules\\php\\PHP_7.3-x64\\PEAR\\pear'
    'PHP_PEAR_PHP_BIN' => 'd:\\ospanel\\modules\\php\\PHP_7.3-x64\\php.exe'
    'PHP_PEAR_SYSCONF_DIR' => 'd:\\ospanel\\modules\\php\\PHP_7.3-x64\\PEAR'
    'PHP_PEAR_TEST_DIR' => 'd:\\ospanel\\modules\\php\\PHP_7.3-x64\\PEAR\\tests'
    'PROCESSOR_ARCHITECTURE' => 'AMD64'
    'PROCESSOR_IDENTIFIER' => 'Intel64 Family 6 Model 165 Stepping 3, GenuineIntel'
    'PROCESSOR_LEVEL' => '6'
    'PROCESSOR_REVISION' => 'a503'
    'ProgramData' => 'C:\\ProgramData'
    'ProgramFiles' => 'C:\\Program Files'
    'ProgramFiles(x86)' => 'C:\\Program Files (x86)'
    'ProgramW6432' => 'C:\\Program Files'
    'PROMPT' => '$E[m$E[32m$E]9;8;\"USERNAME\"$E\\@$E]9;8;\"COMPUTERNAME\"$E\\$S$E[92m$P$E[90m$_$E[90m$$$E[m$S$E]9;12$E\\'
    'PSModulePath' => 'C:\\Program Files\\WindowsPowerShell\\Modules;C:\\Windows\\system32\\WindowsPowerShell\\v1.0\\Modules'
    'PUBLIC' => 'C:\\Users\\Public'
    'SESSIONNAME' => 'Console'
    'SystemDrive' => 'C:'
    'SystemRoot' => 'C:\\Windows'
    'TEMP' => 'd:\\ospanel\\userdata\\temp'
    'TMP' => 'd:\\ospanel\\userdata\\temp'
    'USERDOMAIN' => 'NV-PC323'
    'USERDOMAIN_ROAMINGPROFILE' => 'NV-PC323'
    'USERNAME' => 'User'
    'USERPROFILE' => 'C:\\Users\\User'
    'windir' => 'C:\\Windows'
    'YII_PATH' => 'd:\\OSPanel\\domains\\smk.loc\\'
    'PHP_SELF' => 'd:\\OSPanel\\domains\\smk.loc\\yii'
    'SCRIPT_NAME' => 'd:\\OSPanel\\domains\\smk.loc\\yii'
    'SCRIPT_FILENAME' => 'd:\\OSPanel\\domains\\smk.loc\\yii'
    'PATH_TRANSLATED' => 'd:\\OSPanel\\domains\\smk.loc\\yii'
    'DOCUMENT_ROOT' => ''
    'REQUEST_TIME_FLOAT' => 1683285819.0011
    'REQUEST_TIME' => 1683285819
    'argv' => [
        0 => 'd:\\OSPanel\\domains\\smk.loc\\yii'
        1 => 'mkigrate'
    ]
    'argc' => 2
]
2023-05-15 11:51:27 [-][-][-][error][yii\console\UnknownCommandException] yii\base\InvalidRouteException: Unable to resolve the request "mograte/create". in D:\OSPanel\domains\smk.loc\vendor\yiisoft\yii2\base\Module.php:561
Stack trace:
#0 D:\OSPanel\domains\smk.loc\vendor\yiisoft\yii2\console\Application.php(180): yii\base\Module->runAction('mograte/create', Array)
#1 D:\OSPanel\domains\smk.loc\vendor\yiisoft\yii2\console\Application.php(147): yii\console\Application->runAction('mograte/create', Array)
#2 D:\OSPanel\domains\smk.loc\vendor\yiisoft\yii2\base\Application.php(384): yii\console\Application->handleRequest(Object(yii\console\Request))
#3 D:\OSPanel\domains\smk.loc\yii(23): yii\base\Application->run()
#4 {main}

Next yii\console\UnknownCommandException: Unknown command "mograte/create". in D:\OSPanel\domains\smk.loc\vendor\yiisoft\yii2\console\Application.php:183
Stack trace:
#0 D:\OSPanel\domains\smk.loc\vendor\yiisoft\yii2\console\Application.php(147): yii\console\Application->runAction('mograte/create', Array)
#1 D:\OSPanel\domains\smk.loc\vendor\yiisoft\yii2\base\Application.php(384): yii\console\Application->handleRequest(Object(yii\console\Request))
#2 D:\OSPanel\domains\smk.loc\yii(23): yii\base\Application->run()
#3 {main}
2023-05-15 11:51:27 [-][-][-][info][application] $_GET = []

$_POST = []

$_FILES = []

$_COOKIE = []

$_SERVER = [
    'ALLUSERSPROFILE' => 'C:\\ProgramData'
    'ANSICON' => '239x32766 (239x56)'
    'ANSICON_DEF' => '7'
    'APPDATA' => 'C:\\Users\\User\\AppData\\Roaming'
    'CommonProgramFiles' => 'C:\\Program Files\\Common Files'
    'CommonProgramFiles(x86)' => 'C:\\Program Files (x86)\\Common Files'
    'CommonProgramW6432' => 'C:\\Program Files\\Common Files'
    'COMPUTERNAME' => 'NV-PC323'
    'ComSpec' => 'C:\\Windows\\system32\\cmd.exe'
    'ConEmuANSI' => 'ON'
    'ConEmuAnsiLog' => ''
    'ConEmuArgs' => '/Single'
    'ConEmuArgs2' => ''
    'ConEmuBackHWND' => '0x00120634'
    'ConEmuBaseDir' => 'D:\\ospanel\\modules\\conemu\\ConEmu'
    'ConEmuBaseDirShort' => 'D:\\OSPanel\\modules\\conemu\\ConEmu'
    'ConEmuBuild' => '190301'
    'ConEmuCfgDir' => 'D:\\ospanel\\modules\\conemu'
    'ConEmuConfig' => ''
    'ConEmuDir' => 'D:\\ospanel\\modules\\conemu'
    'ConEmuDrawHWND' => '0x001A032E'
    'ConEmuDrive' => 'D:'
    'ConEmuHooks' => 'Enabled'
    'ConEmuHWND' => '0x00090356'
    'ConEmuPalette' => '<ConEmu>'
    'ConEmuPID' => '14532'
    'ConEmuServerPID' => '11872'
    'ConEmuTask' => '{Shells::cmd}'
    'ConEmuWorkDir' => 'd:\\ospanel'
    'ConEmuWorkDrive' => 'd:'
    'DriverData' => 'C:\\Windows\\System32\\Drivers\\DriverData'
    'FPS_BROWSER_APP_PROFILE_STRING' => 'Internet Explorer'
    'FPS_BROWSER_USER_PROFILE_STRING' => 'Default'
    'HOME' => 'd:\\ospanel'
    'HOMEDRIVE' => 'd:'
    'HOMEPATH' => '\\ospanel'
    'INTEL_DEV_REDIST' => 'C:\\Program Files (x86)\\Common Files\\Intel\\Shared Libraries\\'
    'LOCALAPPDATA' => 'C:\\Users\\User\\AppData\\Local'
    'LOGONSERVER' => '\\\\NV-PC323'
    'MAGICK_CODER_FILTER_PATH' => 'd:\\ospanel\\modules\\imagemagick\\modules\\filters'
    'MAGICK_CODER_MODULE_PATH' => 'd:\\ospanel\\modules\\imagemagick\\modules\\coders'
    'MAGICK_CONFIGURE_PATH' => 'd:\\ospanel\\modules\\imagemagick'
    'MAGICK_HOME' => 'd:\\ospanel\\modules\\imagemagick'
    'MAGICK_TEMPORARY_PATH' => 'd:\\ospanel\\userdata\\temp'
    'MIC_LD_LIBRARY_PATH' => 'C:\\Program Files (x86)\\Common Files\\Intel\\Shared Libraries\\compiler\\lib\\mic'
    'NUMBER_OF_PROCESSORS' => '8'
    'OneDrive' => 'D:\\ospanel\\modules\\php\\PHP_7.3-x64\\php.exe'
    'OPENSSL_CONF' => 'd:\\ospanel\\modules\\http\\Apache_2.4-PHP_7.2-7.3-x64\\conf\\openssl.cnf'
    'OS' => 'Windows_NT'
    'Path' => 'D:\\ospanel\\modules\\conemu\\ConEmu\\Scripts;D:\\ospanel\\modules\\conemu;D:\\ospanel\\modules\\conemu\\ConEmu;d:\\ospanel\\modules\\php\\PHP_7.3-x64\\ext;d:\\ospanel\\modules\\php\\PHP_7.3-x64\\pear;d:\\ospanel\\modules\\php\\PHP_7.3-x64\\pear\\bin;d:\\ospanel\\modules\\php\\PHP_7.3-x64;d:\\ospanel\\modules\\imagemagick;d:\\ospanel\\modules\\wget\\bin;d:\\ospanel\\modules\\database\\MySQL-5.7-x64\\bin;d:\\ospanel\\modules\\http\\Apache_2.4-PHP_7.2-7.3-x64\\bin;d:\\ospanel\\modules\\http\\Apache_2.4-PHP_7.2-7.3-x64;C:\\Windows\\system32;C:\\Windows;C:\\Windows\\system32\\Wbem;C:\\Windows\\SysWOW64'
    'PATHEXT' => '.COM;.EXE;.BAT;.CMD;.VBS;.VBE;.JS;.JSE;.WSF;.WSH;.MSC'
    'PHPBIN' => 'd:\\ospanel\\modules\\php\\PHP_7.3-x64\\php.exe'
    'PHPDIR' => 'd:\\ospanel\\modules\\php\\PHP_7.3-x64\\'
    'PHPRC' => 'd:\\ospanel\\modules\\php\\PHP_7.3-x64'
    'PHP_BIN' => 'd:\\ospanel\\modules\\php\\PHP_7.3-x64\\php.exe'
    'PHP_BINARY' => 'd:\\ospanel\\modules\\php\\PHP_7.3-x64\\php.exe'
    'PHP_BINDIR' => 'd:\\ospanel\\modules\\php\\PHP_7.3-x64\\'
    'PHP_COMMAND' => 'php.exe'
    'PHP_DIR' => 'd:\\ospanel\\modules\\php\\PHP_7.3-x64\\'
    'PHP_INI' => 'd:\\ospanel\\modules\\php\\PHP_7.3-x64\\php.ini'
    'PHP_PEAR_BIN_DIR' => 'd:\\ospanel\\modules\\php\\PHP_7.3-x64\\PEAR'
    'PHP_PEAR_DATA_DIR' => 'd:\\ospanel\\modules\\php\\PHP_7.3-x64\\PEAR\\data'
    'PHP_PEAR_DOC_DIR' => 'd:\\ospanel\\modules\\php\\PHP_7.3-x64\\PEAR\\docs'
    'PHP_PEAR_INSTALL_DIR' => 'd:\\ospanel\\modules\\php\\PHP_7.3-x64\\PEAR\\pear'
    'PHP_PEAR_PHP_BIN' => 'd:\\ospanel\\modules\\php\\PHP_7.3-x64\\php.exe'
    'PHP_PEAR_SYSCONF_DIR' => 'd:\\ospanel\\modules\\php\\PHP_7.3-x64\\PEAR'
    'PHP_PEAR_TEST_DIR' => 'd:\\ospanel\\modules\\php\\PHP_7.3-x64\\PEAR\\tests'
    'PROCESSOR_ARCHITECTURE' => 'AMD64'
    'PROCESSOR_IDENTIFIER' => 'Intel64 Family 6 Model 165 Stepping 3, GenuineIntel'
    'PROCESSOR_LEVEL' => '6'
    'PROCESSOR_REVISION' => 'a503'
    'ProgramData' => 'C:\\ProgramData'
    'ProgramFiles' => 'C:\\Program Files'
    'ProgramFiles(x86)' => 'C:\\Program Files (x86)'
    'ProgramW6432' => 'C:\\Program Files'
    'PROMPT' => '$E[m$E[32m$E]9;8;\"USERNAME\"$E\\@$E]9;8;\"COMPUTERNAME\"$E\\$S$E[92m$P$E[90m$_$E[90m$$$E[m$S$E]9;12$E\\'
    'PSModulePath' => 'C:\\Program Files\\WindowsPowerShell\\Modules;C:\\Windows\\system32\\WindowsPowerShell\\v1.0\\Modules'
    'PUBLIC' => 'C:\\Users\\Public'
    'SESSIONNAME' => 'Console'
    'SystemDrive' => 'C:'
    'SystemRoot' => 'C:\\Windows'
    'TEMP' => 'd:\\ospanel\\userdata\\temp'
    'TMP' => 'd:\\ospanel\\userdata\\temp'
    'USERDOMAIN' => 'NV-PC323'
    'USERDOMAIN_ROAMINGPROFILE' => 'NV-PC323'
    'USERNAME' => 'User'
    'USERPROFILE' => 'C:\\Users\\User'
    'windir' => 'C:\\Windows'
    'YII_PATH' => 'd:\\OSPanel\\domains\\smk.loc\\'
    'PHP_SELF' => 'd:\\OSPanel\\domains\\smk.loc\\yii'
    'SCRIPT_NAME' => 'd:\\OSPanel\\domains\\smk.loc\\yii'
    'SCRIPT_FILENAME' => 'd:\\OSPanel\\domains\\smk.loc\\yii'
    'PATH_TRANSLATED' => 'd:\\OSPanel\\domains\\smk.loc\\yii'
    'DOCUMENT_ROOT' => ''
    'REQUEST_TIME_FLOAT' => 1684140687.5645
    'REQUEST_TIME' => 1684140687
    'argv' => [
        0 => 'd:\\OSPanel\\domains\\smk.loc\\yii'
        1 => 'mograte/create'
        2 => 'service'
        3 => 'table'
    ]
    'argc' => 4
]
2023-05-24 15:29:01 [-][-][-][error][ParseError] ParseError: syntax error, unexpected end of file, expecting function (T_FUNCTION) or const (T_CONST) in D:\OSPanel\domains\smk.loc\console\migrations\m230524_112816_company.php:43
Stack trace:
#0 D:\OSPanel\domains\smk.loc\vendor\yiisoft\yii2\console\controllers\MigrateController.php(197): yii\console\controllers\BaseMigrateController->includeMigrationFile('m230524_112816_...')
#1 D:\OSPanel\domains\smk.loc\vendor\yiisoft\yii2\console\controllers\BaseMigrateController.php(757): yii\console\controllers\MigrateController->createMigration('m230524_112816_...')
#2 D:\OSPanel\domains\smk.loc\vendor\yiisoft\yii2\console\controllers\BaseMigrateController.php(216): yii\console\controllers\BaseMigrateController->migrateUp('m230524_112816_...')
#3 [internal function]: yii\console\controllers\BaseMigrateController->actionUp(0)
#4 D:\OSPanel\domains\smk.loc\vendor\yiisoft\yii2\base\InlineAction.php(57): call_user_func_array(Array, Array)
#5 D:\OSPanel\domains\smk.loc\vendor\yiisoft\yii2\base\Controller.php(178): yii\base\InlineAction->runWithParams(Array)
#6 D:\OSPanel\domains\smk.loc\vendor\yiisoft\yii2\console\Controller.php(180): yii\base\Controller->runAction('', Array)
#7 D:\OSPanel\domains\smk.loc\vendor\yiisoft\yii2\base\Module.php(552): yii\console\Controller->runAction('', Array)
#8 D:\OSPanel\domains\smk.loc\vendor\yiisoft\yii2\console\Application.php(180): yii\base\Module->runAction('migrate', Array)
#9 D:\OSPanel\domains\smk.loc\vendor\yiisoft\yii2\console\Application.php(147): yii\console\Application->runAction('migrate', Array)
#10 D:\OSPanel\domains\smk.loc\vendor\yiisoft\yii2\base\Application.php(384): yii\console\Application->handleRequest(Object(yii\console\Request))
#11 D:\OSPanel\domains\smk.loc\yii(23): yii\base\Application->run()
#12 {main}
2023-05-24 15:29:00 [-][-][-][info][application] $_GET = []

$_POST = []

$_FILES = []

$_COOKIE = []

$_SERVER = [
    'ALLUSERSPROFILE' => 'C:\\ProgramData'
    'ANSICON' => '239x32766 (239x56)'
    'ANSICON_DEF' => '7'
    'APPDATA' => 'C:\\Users\\User\\AppData\\Roaming'
    'CommonProgramFiles' => 'C:\\Program Files\\Common Files'
    'CommonProgramFiles(x86)' => 'C:\\Program Files (x86)\\Common Files'
    'CommonProgramW6432' => 'C:\\Program Files\\Common Files'
    'COMPUTERNAME' => 'NV-PC323'
    'ComSpec' => 'C:\\Windows\\system32\\cmd.exe'
    'ConEmuANSI' => 'ON'
    'ConEmuAnsiLog' => ''
    'ConEmuArgs' => '/Single'
    'ConEmuArgs2' => ''
    'ConEmuBackHWND' => '0x00020542'
    'ConEmuBaseDir' => 'D:\\ospanel\\modules\\conemu\\ConEmu'
    'ConEmuBaseDirShort' => 'D:\\OSPanel\\modules\\conemu\\ConEmu'
    'ConEmuBuild' => '190301'
    'ConEmuCfgDir' => 'D:\\ospanel\\modules\\conemu'
    'ConEmuConfig' => ''
    'ConEmuDir' => 'D:\\ospanel\\modules\\conemu'
    'ConEmuDrawHWND' => '0x0002053E'
    'ConEmuDrive' => 'D:'
    'ConEmuHooks' => 'Enabled'
    'ConEmuHWND' => '0x00090734'
    'ConEmuPalette' => '<ConEmu>'
    'ConEmuPID' => '12412'
    'ConEmuServerPID' => '11528'
    'ConEmuTask' => '{Shells::cmd}'
    'ConEmuWorkDir' => 'd:\\ospanel'
    'ConEmuWorkDrive' => 'd:'
    'DriverData' => 'C:\\Windows\\System32\\Drivers\\DriverData'
    'FPS_BROWSER_APP_PROFILE_STRING' => 'Internet Explorer'
    'FPS_BROWSER_USER_PROFILE_STRING' => 'Default'
    'HOME' => 'd:\\ospanel'
    'HOMEDRIVE' => 'd:'
    'HOMEPATH' => '\\ospanel'
    'INTEL_DEV_REDIST' => 'C:\\Program Files (x86)\\Common Files\\Intel\\Shared Libraries\\'
    'LOCALAPPDATA' => 'C:\\Users\\User\\AppData\\Local'
    'LOGONSERVER' => '\\\\NV-PC323'
    'MAGICK_CODER_FILTER_PATH' => 'd:\\ospanel\\modules\\imagemagick\\modules\\filters'
    'MAGICK_CODER_MODULE_PATH' => 'd:\\ospanel\\modules\\imagemagick\\modules\\coders'
    'MAGICK_CONFIGURE_PATH' => 'd:\\ospanel\\modules\\imagemagick'
    'MAGICK_HOME' => 'd:\\ospanel\\modules\\imagemagick'
    'MAGICK_TEMPORARY_PATH' => 'd:\\ospanel\\userdata\\temp'
    'MIC_LD_LIBRARY_PATH' => 'C:\\Program Files (x86)\\Common Files\\Intel\\Shared Libraries\\compiler\\lib\\mic'
    'NUMBER_OF_PROCESSORS' => '8'
    'OneDrive' => 'D:\\ospanel\\modules\\php\\PHP_7.3-x64\\php.exe'
    'OPENSSL_CONF' => 'd:\\ospanel\\modules\\http\\Apache_2.4-PHP_7.2-7.3-x64\\conf\\openssl.cnf'
    'OS' => 'Windows_NT'
    'Path' => 'D:\\ospanel\\modules\\conemu\\ConEmu\\Scripts;D:\\ospanel\\modules\\conemu;D:\\ospanel\\modules\\conemu\\ConEmu;d:\\ospanel\\modules\\php\\PHP_7.3-x64\\ext;d:\\ospanel\\modules\\php\\PHP_7.3-x64\\pear;d:\\ospanel\\modules\\php\\PHP_7.3-x64\\pear\\bin;d:\\ospanel\\modules\\php\\PHP_7.3-x64;d:\\ospanel\\modules\\imagemagick;d:\\ospanel\\modules\\wget\\bin;d:\\ospanel\\modules\\database\\MySQL-5.7-x64\\bin;d:\\ospanel\\modules\\http\\Apache_2.4-PHP_7.2-7.3-x64\\bin;d:\\ospanel\\modules\\http\\Apache_2.4-PHP_7.2-7.3-x64;C:\\Windows\\system32;C:\\Windows;C:\\Windows\\system32\\Wbem;C:\\Windows\\SysWOW64'
    'PATHEXT' => '.COM;.EXE;.BAT;.CMD;.VBS;.VBE;.JS;.JSE;.WSF;.WSH;.MSC'
    'PHPBIN' => 'd:\\ospanel\\modules\\php\\PHP_7.3-x64\\php.exe'
    'PHPDIR' => 'd:\\ospanel\\modules\\php\\PHP_7.3-x64\\'
    'PHPRC' => 'd:\\ospanel\\modules\\php\\PHP_7.3-x64'
    'PHP_BIN' => 'd:\\ospanel\\modules\\php\\PHP_7.3-x64\\php.exe'
    'PHP_BINARY' => 'd:\\ospanel\\modules\\php\\PHP_7.3-x64\\php.exe'
    'PHP_BINDIR' => 'd:\\ospanel\\modules\\php\\PHP_7.3-x64\\'
    'PHP_COMMAND' => 'php.exe'
    'PHP_DIR' => 'd:\\ospanel\\modules\\php\\PHP_7.3-x64\\'
    'PHP_INI' => 'd:\\ospanel\\modules\\php\\PHP_7.3-x64\\php.ini'
    'PHP_PEAR_BIN_DIR' => 'd:\\ospanel\\modules\\php\\PHP_7.3-x64\\PEAR'
    'PHP_PEAR_DATA_DIR' => 'd:\\ospanel\\modules\\php\\PHP_7.3-x64\\PEAR\\data'
    'PHP_PEAR_DOC_DIR' => 'd:\\ospanel\\modules\\php\\PHP_7.3-x64\\PEAR\\docs'
    'PHP_PEAR_INSTALL_DIR' => 'd:\\ospanel\\modules\\php\\PHP_7.3-x64\\PEAR\\pear'
    'PHP_PEAR_PHP_BIN' => 'd:\\ospanel\\modules\\php\\PHP_7.3-x64\\php.exe'
    'PHP_PEAR_SYSCONF_DIR' => 'd:\\ospanel\\modules\\php\\PHP_7.3-x64\\PEAR'
    'PHP_PEAR_TEST_DIR' => 'd:\\ospanel\\modules\\php\\PHP_7.3-x64\\PEAR\\tests'
    'PROCESSOR_ARCHITECTURE' => 'AMD64'
    'PROCESSOR_IDENTIFIER' => 'Intel64 Family 6 Model 165 Stepping 3, GenuineIntel'
    'PROCESSOR_LEVEL' => '6'
    'PROCESSOR_REVISION' => 'a503'
    'ProgramData' => 'C:\\ProgramData'
    'ProgramFiles' => 'C:\\Program Files'
    'ProgramFiles(x86)' => 'C:\\Program Files (x86)'
    'ProgramW6432' => 'C:\\Program Files'
    'PROMPT' => '$E[m$E[32m$E]9;8;\"USERNAME\"$E\\@$E]9;8;\"COMPUTERNAME\"$E\\$S$E[92m$P$E[90m$_$E[90m$$$E[m$S$E]9;12$E\\'
    'PSModulePath' => 'C:\\Program Files\\WindowsPowerShell\\Modules;C:\\Windows\\system32\\WindowsPowerShell\\v1.0\\Modules'
    'PUBLIC' => 'C:\\Users\\Public'
    'SESSIONNAME' => 'Console'
    'SystemDrive' => 'C:'
    'SystemRoot' => 'C:\\Windows'
    'TEMP' => 'd:\\ospanel\\userdata\\temp'
    'TMP' => 'd:\\ospanel\\userdata\\temp'
    'USERDOMAIN' => 'NV-PC323'
    'USERDOMAIN_ROAMINGPROFILE' => 'NV-PC323'
    'USERNAME' => 'User'
    'USERPROFILE' => 'C:\\Users\\User'
    'windir' => 'C:\\Windows'
    'YII_PATH' => 'd:\\OSPanel\\domains\\smk.loc\\'
    'PHP_SELF' => 'd:\\OSPanel\\domains\\smk.loc\\yii'
    'SCRIPT_NAME' => 'd:\\OSPanel\\domains\\smk.loc\\yii'
    'SCRIPT_FILENAME' => 'd:\\OSPanel\\domains\\smk.loc\\yii'
    'PATH_TRANSLATED' => 'd:\\OSPanel\\domains\\smk.loc\\yii'
    'DOCUMENT_ROOT' => ''
    'REQUEST_TIME_FLOAT' => 1684931340.4285
    'REQUEST_TIME' => 1684931340
    'argv' => [
        0 => 'd:\\OSPanel\\domains\\smk.loc\\yii'
        1 => 'migrate'
    ]
    'argc' => 2
]
2023-06-05 11:23:16 [-][-][-][error][yii\console\Exception] yii\console\Exception:   : name in D:\OSPanel\domains\smk.loc\vendor\yiisoft\yii2\console\Controller.php:244
Stack trace:
#0 D:\OSPanel\domains\smk.loc\vendor\yiisoft\yii2\base\InlineAction.php(51): yii\console\Controller->bindActionParams(Object(yii\base\InlineAction), Array)
#1 D:\OSPanel\domains\smk.loc\vendor\yiisoft\yii2\base\Controller.php(178): yii\base\InlineAction->runWithParams(Array)
#2 D:\OSPanel\domains\smk.loc\vendor\yiisoft\yii2\console\Controller.php(180): yii\base\Controller->runAction('create', Array)
#3 D:\OSPanel\domains\smk.loc\vendor\yiisoft\yii2\base\Module.php(552): yii\console\Controller->runAction('create', Array)
#4 D:\OSPanel\domains\smk.loc\vendor\yiisoft\yii2\console\Application.php(180): yii\base\Module->runAction('migrate/create', Array)
#5 D:\OSPanel\domains\smk.loc\vendor\yiisoft\yii2\console\Application.php(147): yii\console\Application->runAction('migrate/create', Array)
#6 D:\OSPanel\domains\smk.loc\vendor\yiisoft\yii2\base\Application.php(384): yii\console\Application->handleRequest(Object(yii\console\Request))
#7 D:\OSPanel\domains\smk.loc\yii(23): yii\base\Application->run()
#8 {main}
2023-06-05 11:23:16 [-][-][-][info][application] $_GET = []

$_POST = []

$_FILES = []

$_COOKIE = []

$_SERVER = [
    'ALLUSERSPROFILE' => 'C:\\ProgramData'
    'ANSICON' => '94x32766 (94x34)'
    'ANSICON_DEF' => '7'
    'APPDATA' => 'C:\\Users\\User\\AppData\\Roaming'
    'CommonProgramFiles' => 'C:\\Program Files\\Common Files'
    'CommonProgramFiles(x86)' => 'C:\\Program Files (x86)\\Common Files'
    'CommonProgramW6432' => 'C:\\Program Files\\Common Files'
    'COMPUTERNAME' => 'NV-PC323'
    'ComSpec' => 'C:\\Windows\\system32\\cmd.exe'
    'ConEmuANSI' => 'ON'
    'ConEmuAnsiLog' => ''
    'ConEmuArgs' => '/Single'
    'ConEmuArgs2' => ''
    'ConEmuBackHWND' => '0x003306A8'
    'ConEmuBaseDir' => 'D:\\ospanel\\modules\\conemu\\ConEmu'
    'ConEmuBaseDirShort' => 'D:\\OSPanel\\modules\\conemu\\ConEmu'
    'ConEmuBuild' => '190301'
    'ConEmuCfgDir' => 'D:\\ospanel\\modules\\conemu'
    'ConEmuConfig' => ''
    'ConEmuDir' => 'D:\\ospanel\\modules\\conemu'
    'ConEmuDrawHWND' => '0x003A06BE'
    'ConEmuDrive' => 'D:'
    'ConEmuHooks' => 'Enabled'
    'ConEmuHWND' => '0x008D03FA'
    'ConEmuPalette' => '<ConEmu>'
    'ConEmuPID' => '13940'
    'ConEmuServerPID' => '3344'
    'ConEmuTask' => '{Shells::cmd}'
    'ConEmuWorkDir' => 'd:\\ospanel'
    'ConEmuWorkDrive' => 'd:'
    'DriverData' => 'C:\\Windows\\System32\\Drivers\\DriverData'
    'FPS_BROWSER_APP_PROFILE_STRING' => 'Internet Explorer'
    'FPS_BROWSER_USER_PROFILE_STRING' => 'Default'
    'HOME' => 'd:\\ospanel'
    'HOMEDRIVE' => 'd:'
    'HOMEPATH' => '\\ospanel'
    'INTEL_DEV_REDIST' => 'C:\\Program Files (x86)\\Common Files\\Intel\\Shared Libraries\\'
    'LOCALAPPDATA' => 'C:\\Users\\User\\AppData\\Local'
    'LOGONSERVER' => '\\\\NV-PC323'
    'MAGICK_CODER_FILTER_PATH' => 'd:\\ospanel\\modules\\imagemagick\\modules\\filters'
    'MAGICK_CODER_MODULE_PATH' => 'd:\\ospanel\\modules\\imagemagick\\modules\\coders'
    'MAGICK_CONFIGURE_PATH' => 'd:\\ospanel\\modules\\imagemagick'
    'MAGICK_HOME' => 'd:\\ospanel\\modules\\imagemagick'
    'MAGICK_TEMPORARY_PATH' => 'd:\\ospanel\\userdata\\temp'
    'MIC_LD_LIBRARY_PATH' => 'C:\\Program Files (x86)\\Common Files\\Intel\\Shared Libraries\\compiler\\lib\\mic'
    'NUMBER_OF_PROCESSORS' => '8'
    'OneDrive' => 'D:\\ospanel\\modules\\php\\PHP_7.3-x64\\php.exe'
    'OPENSSL_CONF' => 'd:\\ospanel\\modules\\http\\Apache_2.4-PHP_7.2-7.3-x64\\conf\\openssl.cnf'
    'OS' => 'Windows_NT'
    'Path' => 'D:\\ospanel\\modules\\conemu\\ConEmu\\Scripts;D:\\ospanel\\modules\\conemu;D:\\ospanel\\modules\\conemu\\ConEmu;d:\\ospanel\\modules\\php\\PHP_7.3-x64\\ext;d:\\ospanel\\modules\\php\\PHP_7.3-x64\\pear;d:\\ospanel\\modules\\php\\PHP_7.3-x64\\pear\\bin;d:\\ospanel\\modules\\php\\PHP_7.3-x64;d:\\ospanel\\modules\\imagemagick;d:\\ospanel\\modules\\wget\\bin;d:\\ospanel\\modules\\database\\MySQL-5.7-x64\\bin;d:\\ospanel\\modules\\http\\Apache_2.4-PHP_7.2-7.3-x64\\bin;d:\\ospanel\\modules\\http\\Apache_2.4-PHP_7.2-7.3-x64;C:\\Windows\\system32;C:\\Windows;C:\\Windows\\system32\\Wbem;C:\\Windows\\SysWOW64'
    'PATHEXT' => '.COM;.EXE;.BAT;.CMD;.VBS;.VBE;.JS;.JSE;.WSF;.WSH;.MSC'
    'PHPBIN' => 'd:\\ospanel\\modules\\php\\PHP_7.3-x64\\php.exe'
    'PHPDIR' => 'd:\\ospanel\\modules\\php\\PHP_7.3-x64\\'
    'PHPRC' => 'd:\\ospanel\\modules\\php\\PHP_7.3-x64'
    'PHP_BIN' => 'd:\\ospanel\\modules\\php\\PHP_7.3-x64\\php.exe'
    'PHP_BINARY' => 'd:\\ospanel\\modules\\php\\PHP_7.3-x64\\php.exe'
    'PHP_BINDIR' => 'd:\\ospanel\\modules\\php\\PHP_7.3-x64\\'
    'PHP_COMMAND' => 'php.exe'
    'PHP_DIR' => 'd:\\ospanel\\modules\\php\\PHP_7.3-x64\\'
    'PHP_INI' => 'd:\\ospanel\\modules\\php\\PHP_7.3-x64\\php.ini'
    'PHP_PEAR_BIN_DIR' => 'd:\\ospanel\\modules\\php\\PHP_7.3-x64\\PEAR'
    'PHP_PEAR_DATA_DIR' => 'd:\\ospanel\\modules\\php\\PHP_7.3-x64\\PEAR\\data'
    'PHP_PEAR_DOC_DIR' => 'd:\\ospanel\\modules\\php\\PHP_7.3-x64\\PEAR\\docs'
    'PHP_PEAR_INSTALL_DIR' => 'd:\\ospanel\\modules\\php\\PHP_7.3-x64\\PEAR\\pear'
    'PHP_PEAR_PHP_BIN' => 'd:\\ospanel\\modules\\php\\PHP_7.3-x64\\php.exe'
    'PHP_PEAR_SYSCONF_DIR' => 'd:\\ospanel\\modules\\php\\PHP_7.3-x64\\PEAR'
    'PHP_PEAR_TEST_DIR' => 'd:\\ospanel\\modules\\php\\PHP_7.3-x64\\PEAR\\tests'
    'PROCESSOR_ARCHITECTURE' => 'AMD64'
    'PROCESSOR_IDENTIFIER' => 'Intel64 Family 6 Model 165 Stepping 3, GenuineIntel'
    'PROCESSOR_LEVEL' => '6'
    'PROCESSOR_REVISION' => 'a503'
    'ProgramData' => 'C:\\ProgramData'
    'ProgramFiles' => 'C:\\Program Files'
    'ProgramFiles(x86)' => 'C:\\Program Files (x86)'
    'ProgramW6432' => 'C:\\Program Files'
    'PROMPT' => '$E[m$E[32m$E]9;8;\"USERNAME\"$E\\@$E]9;8;\"COMPUTERNAME\"$E\\$S$E[92m$P$E[90m$_$E[90m$$$E[m$S$E]9;12$E\\'
    'PSModulePath' => 'C:\\Program Files\\WindowsPowerShell\\Modules;C:\\Windows\\system32\\WindowsPowerShell\\v1.0\\Modules'
    'PUBLIC' => 'C:\\Users\\Public'
    'SESSIONNAME' => 'Console'
    'SystemDrive' => 'C:'
    'SystemRoot' => 'C:\\Windows'
    'TEMP' => 'd:\\ospanel\\userdata\\temp'
    'TMP' => 'd:\\ospanel\\userdata\\temp'
    'USERDOMAIN' => 'NV-PC323'
    'USERDOMAIN_ROAMINGPROFILE' => 'NV-PC323'
    'USERNAME' => 'User'
    'USERPROFILE' => 'C:\\Users\\User'
    'windir' => 'C:\\Windows'
    'YII_PATH' => 'd:\\OSPanel\\domains\\smk.loc\\'
    'PHP_SELF' => 'd:\\OSPanel\\domains\\smk.loc\\yii'
    'SCRIPT_NAME' => 'd:\\OSPanel\\domains\\smk.loc\\yii'
    'SCRIPT_FILENAME' => 'd:\\OSPanel\\domains\\smk.loc\\yii'
    'PATH_TRANSLATED' => 'd:\\OSPanel\\domains\\smk.loc\\yii'
    'DOCUMENT_ROOT' => ''
    'REQUEST_TIME_FLOAT' => 1685953396.2431
    'REQUEST_TIME' => 1685953396
    'argv' => [
        0 => 'd:\\OSPanel\\domains\\smk.loc\\yii'
        1 => 'migrate/create'
    ]
    'argc' => 2
]
2023-06-05 11:23:48 [-][-][-][error][yii\console\UnknownCommandException] yii\base\InvalidRouteException: Unable to resolve the request "migarte/create". in D:\OSPanel\domains\smk.loc\vendor\yiisoft\yii2\base\Module.php:561
Stack trace:
#0 D:\OSPanel\domains\smk.loc\vendor\yiisoft\yii2\console\Application.php(180): yii\base\Module->runAction('migarte/create', Array)
#1 D:\OSPanel\domains\smk.loc\vendor\yiisoft\yii2\console\Application.php(147): yii\console\Application->runAction('migarte/create', Array)
#2 D:\OSPanel\domains\smk.loc\vendor\yiisoft\yii2\base\Application.php(384): yii\console\Application->handleRequest(Object(yii\console\Request))
#3 D:\OSPanel\domains\smk.loc\yii(23): yii\base\Application->run()
#4 {main}

Next yii\console\UnknownCommandException: Unknown command "migarte/create". in D:\OSPanel\domains\smk.loc\vendor\yiisoft\yii2\console\Application.php:183
Stack trace:
#0 D:\OSPanel\domains\smk.loc\vendor\yiisoft\yii2\console\Application.php(147): yii\console\Application->runAction('migarte/create', Array)
#1 D:\OSPanel\domains\smk.loc\vendor\yiisoft\yii2\base\Application.php(384): yii\console\Application->handleRequest(Object(yii\console\Request))
#2 D:\OSPanel\domains\smk.loc\yii(23): yii\base\Application->run()
#3 {main}
2023-06-05 11:23:48 [-][-][-][info][application] $_GET = []

$_POST = []

$_FILES = []

$_COOKIE = []

$_SERVER = [
    'ALLUSERSPROFILE' => 'C:\\ProgramData'
    'ANSICON' => '94x32766 (94x34)'
    'ANSICON_DEF' => '7'
    'APPDATA' => 'C:\\Users\\User\\AppData\\Roaming'
    'CommonProgramFiles' => 'C:\\Program Files\\Common Files'
    'CommonProgramFiles(x86)' => 'C:\\Program Files (x86)\\Common Files'
    'CommonProgramW6432' => 'C:\\Program Files\\Common Files'
    'COMPUTERNAME' => 'NV-PC323'
    'ComSpec' => 'C:\\Windows\\system32\\cmd.exe'
    'ConEmuANSI' => 'ON'
    'ConEmuAnsiLog' => ''
    'ConEmuArgs' => '/Single'
    'ConEmuArgs2' => ''
    'ConEmuBackHWND' => '0x003306A8'
    'ConEmuBaseDir' => 'D:\\ospanel\\modules\\conemu\\ConEmu'
    'ConEmuBaseDirShort' => 'D:\\OSPanel\\modules\\conemu\\ConEmu'
    'ConEmuBuild' => '190301'
    'ConEmuCfgDir' => 'D:\\ospanel\\modules\\conemu'
    'ConEmuConfig' => ''
    'ConEmuDir' => 'D:\\ospanel\\modules\\conemu'
    'ConEmuDrawHWND' => '0x003A06BE'
    'ConEmuDrive' => 'D:'
    'ConEmuHooks' => 'Enabled'
    'ConEmuHWND' => '0x008D03FA'
    'ConEmuPalette' => '<ConEmu>'
    'ConEmuPID' => '13940'
    'ConEmuServerPID' => '3344'
    'ConEmuTask' => '{Shells::cmd}'
    'ConEmuWorkDir' => 'd:\\ospanel'
    'ConEmuWorkDrive' => 'd:'
    'DriverData' => 'C:\\Windows\\System32\\Drivers\\DriverData'
    'FPS_BROWSER_APP_PROFILE_STRING' => 'Internet Explorer'
    'FPS_BROWSER_USER_PROFILE_STRING' => 'Default'
    'HOME' => 'd:\\ospanel'
    'HOMEDRIVE' => 'd:'
    'HOMEPATH' => '\\ospanel'
    'INTEL_DEV_REDIST' => 'C:\\Program Files (x86)\\Common Files\\Intel\\Shared Libraries\\'
    'LOCALAPPDATA' => 'C:\\Users\\User\\AppData\\Local'
    'LOGONSERVER' => '\\\\NV-PC323'
    'MAGICK_CODER_FILTER_PATH' => 'd:\\ospanel\\modules\\imagemagick\\modules\\filters'
    'MAGICK_CODER_MODULE_PATH' => 'd:\\ospanel\\modules\\imagemagick\\modules\\coders'
    'MAGICK_CONFIGURE_PATH' => 'd:\\ospanel\\modules\\imagemagick'
    'MAGICK_HOME' => 'd:\\ospanel\\modules\\imagemagick'
    'MAGICK_TEMPORARY_PATH' => 'd:\\ospanel\\userdata\\temp'
    'MIC_LD_LIBRARY_PATH' => 'C:\\Program Files (x86)\\Common Files\\Intel\\Shared Libraries\\compiler\\lib\\mic'
    'NUMBER_OF_PROCESSORS' => '8'
    'OneDrive' => 'D:\\ospanel\\modules\\php\\PHP_7.3-x64\\php.exe'
    'OPENSSL_CONF' => 'd:\\ospanel\\modules\\http\\Apache_2.4-PHP_7.2-7.3-x64\\conf\\openssl.cnf'
    'OS' => 'Windows_NT'
    'Path' => 'D:\\ospanel\\modules\\conemu\\ConEmu\\Scripts;D:\\ospanel\\modules\\conemu;D:\\ospanel\\modules\\conemu\\ConEmu;d:\\ospanel\\modules\\php\\PHP_7.3-x64\\ext;d:\\ospanel\\modules\\php\\PHP_7.3-x64\\pear;d:\\ospanel\\modules\\php\\PHP_7.3-x64\\pear\\bin;d:\\ospanel\\modules\\php\\PHP_7.3-x64;d:\\ospanel\\modules\\imagemagick;d:\\ospanel\\modules\\wget\\bin;d:\\ospanel\\modules\\database\\MySQL-5.7-x64\\bin;d:\\ospanel\\modules\\http\\Apache_2.4-PHP_7.2-7.3-x64\\bin;d:\\ospanel\\modules\\http\\Apache_2.4-PHP_7.2-7.3-x64;C:\\Windows\\system32;C:\\Windows;C:\\Windows\\system32\\Wbem;C:\\Windows\\SysWOW64'
    'PATHEXT' => '.COM;.EXE;.BAT;.CMD;.VBS;.VBE;.JS;.JSE;.WSF;.WSH;.MSC'
    'PHPBIN' => 'd:\\ospanel\\modules\\php\\PHP_7.3-x64\\php.exe'
    'PHPDIR' => 'd:\\ospanel\\modules\\php\\PHP_7.3-x64\\'
    'PHPRC' => 'd:\\ospanel\\modules\\php\\PHP_7.3-x64'
    'PHP_BIN' => 'd:\\ospanel\\modules\\php\\PHP_7.3-x64\\php.exe'
    'PHP_BINARY' => 'd:\\ospanel\\modules\\php\\PHP_7.3-x64\\php.exe'
    'PHP_BINDIR' => 'd:\\ospanel\\modules\\php\\PHP_7.3-x64\\'
    'PHP_COMMAND' => 'php.exe'
    'PHP_DIR' => 'd:\\ospanel\\modules\\php\\PHP_7.3-x64\\'
    'PHP_INI' => 'd:\\ospanel\\modules\\php\\PHP_7.3-x64\\php.ini'
    'PHP_PEAR_BIN_DIR' => 'd:\\ospanel\\modules\\php\\PHP_7.3-x64\\PEAR'
    'PHP_PEAR_DATA_DIR' => 'd:\\ospanel\\modules\\php\\PHP_7.3-x64\\PEAR\\data'
    'PHP_PEAR_DOC_DIR' => 'd:\\ospanel\\modules\\php\\PHP_7.3-x64\\PEAR\\docs'
    'PHP_PEAR_INSTALL_DIR' => 'd:\\ospanel\\modules\\php\\PHP_7.3-x64\\PEAR\\pear'
    'PHP_PEAR_PHP_BIN' => 'd:\\ospanel\\modules\\php\\PHP_7.3-x64\\php.exe'
    'PHP_PEAR_SYSCONF_DIR' => 'd:\\ospanel\\modules\\php\\PHP_7.3-x64\\PEAR'
    'PHP_PEAR_TEST_DIR' => 'd:\\ospanel\\modules\\php\\PHP_7.3-x64\\PEAR\\tests'
    'PROCESSOR_ARCHITECTURE' => 'AMD64'
    'PROCESSOR_IDENTIFIER' => 'Intel64 Family 6 Model 165 Stepping 3, GenuineIntel'
    'PROCESSOR_LEVEL' => '6'
    'PROCESSOR_REVISION' => 'a503'
    'ProgramData' => 'C:\\ProgramData'
    'ProgramFiles' => 'C:\\Program Files'
    'ProgramFiles(x86)' => 'C:\\Program Files (x86)'
    'ProgramW6432' => 'C:\\Program Files'
    'PROMPT' => '$E[m$E[32m$E]9;8;\"USERNAME\"$E\\@$E]9;8;\"COMPUTERNAME\"$E\\$S$E[92m$P$E[90m$_$E[90m$$$E[m$S$E]9;12$E\\'
    'PSModulePath' => 'C:\\Program Files\\WindowsPowerShell\\Modules;C:\\Windows\\system32\\WindowsPowerShell\\v1.0\\Modules'
    'PUBLIC' => 'C:\\Users\\Public'
    'SESSIONNAME' => 'Console'
    'SystemDrive' => 'C:'
    'SystemRoot' => 'C:\\Windows'
    'TEMP' => 'd:\\ospanel\\userdata\\temp'
    'TMP' => 'd:\\ospanel\\userdata\\temp'
    'USERDOMAIN' => 'NV-PC323'
    'USERDOMAIN_ROAMINGPROFILE' => 'NV-PC323'
    'USERNAME' => 'User'
    'USERPROFILE' => 'C:\\Users\\User'
    'windir' => 'C:\\Windows'
    'YII_PATH' => 'd:\\OSPanel\\domains\\smk.loc\\'
    'PHP_SELF' => 'd:\\OSPanel\\domains\\smk.loc\\yii'
    'SCRIPT_NAME' => 'd:\\OSPanel\\domains\\smk.loc\\yii'
    'SCRIPT_FILENAME' => 'd:\\OSPanel\\domains\\smk.loc\\yii'
    'PATH_TRANSLATED' => 'd:\\OSPanel\\domains\\smk.loc\\yii'
    'DOCUMENT_ROOT' => ''
    'REQUEST_TIME_FLOAT' => 1685953428.6384
    'REQUEST_TIME' => 1685953428
    'argv' => [
        0 => 'd:\\OSPanel\\domains\\smk.loc\\yii'
        1 => 'migarte/create'
        2 => 'add'
        3 => 'ans_id'
        4 => 'column'
    ]
    'argc' => 5
]
2023-06-05 11:24:08 [-][-][-][error][yii\console\UnknownCommandException] yii\base\InvalidRouteException: Unable to resolve the request "migarte/create". in D:\OSPanel\domains\smk.loc\vendor\yiisoft\yii2\base\Module.php:561
Stack trace:
#0 D:\OSPanel\domains\smk.loc\vendor\yiisoft\yii2\console\Application.php(180): yii\base\Module->runAction('migarte/create', Array)
#1 D:\OSPanel\domains\smk.loc\vendor\yiisoft\yii2\console\Application.php(147): yii\console\Application->runAction('migarte/create', Array)
#2 D:\OSPanel\domains\smk.loc\vendor\yiisoft\yii2\base\Application.php(384): yii\console\Application->handleRequest(Object(yii\console\Request))
#3 D:\OSPanel\domains\smk.loc\yii(23): yii\base\Application->run()
#4 {main}

Next yii\console\UnknownCommandException: Unknown command "migarte/create". in D:\OSPanel\domains\smk.loc\vendor\yiisoft\yii2\console\Application.php:183
Stack trace:
#0 D:\OSPanel\domains\smk.loc\vendor\yiisoft\yii2\console\Application.php(147): yii\console\Application->runAction('migarte/create', Array)
#1 D:\OSPanel\domains\smk.loc\vendor\yiisoft\yii2\base\Application.php(384): yii\console\Application->handleRequest(Object(yii\console\Request))
#2 D:\OSPanel\domains\smk.loc\yii(23): yii\base\Application->run()
#3 {main}
2023-06-05 11:24:08 [-][-][-][info][application] $_GET = []

$_POST = []

$_FILES = []

$_COOKIE = []

$_SERVER = [
    'ALLUSERSPROFILE' => 'C:\\ProgramData'
    'ANSICON' => '94x32766 (94x34)'
    'ANSICON_DEF' => '7'
    'APPDATA' => 'C:\\Users\\User\\AppData\\Roaming'
    'CommonProgramFiles' => 'C:\\Program Files\\Common Files'
    'CommonProgramFiles(x86)' => 'C:\\Program Files (x86)\\Common Files'
    'CommonProgramW6432' => 'C:\\Program Files\\Common Files'
    'COMPUTERNAME' => 'NV-PC323'
    'ComSpec' => 'C:\\Windows\\system32\\cmd.exe'
    'ConEmuANSI' => 'ON'
    'ConEmuAnsiLog' => ''
    'ConEmuArgs' => '/Single'
    'ConEmuArgs2' => ''
    'ConEmuBackHWND' => '0x003306A8'
    'ConEmuBaseDir' => 'D:\\ospanel\\modules\\conemu\\ConEmu'
    'ConEmuBaseDirShort' => 'D:\\OSPanel\\modules\\conemu\\ConEmu'
    'ConEmuBuild' => '190301'
    'ConEmuCfgDir' => 'D:\\ospanel\\modules\\conemu'
    'ConEmuConfig' => ''
    'ConEmuDir' => 'D:\\ospanel\\modules\\conemu'
    'ConEmuDrawHWND' => '0x003A06BE'
    'ConEmuDrive' => 'D:'
    'ConEmuHooks' => 'Enabled'
    'ConEmuHWND' => '0x008D03FA'
    'ConEmuPalette' => '<ConEmu>'
    'ConEmuPID' => '13940'
    'ConEmuServerPID' => '3344'
    'ConEmuTask' => '{Shells::cmd}'
    'ConEmuWorkDir' => 'd:\\ospanel'
    'ConEmuWorkDrive' => 'd:'
    'DriverData' => 'C:\\Windows\\System32\\Drivers\\DriverData'
    'FPS_BROWSER_APP_PROFILE_STRING' => 'Internet Explorer'
    'FPS_BROWSER_USER_PROFILE_STRING' => 'Default'
    'HOME' => 'd:\\ospanel'
    'HOMEDRIVE' => 'd:'
    'HOMEPATH' => '\\ospanel'
    'INTEL_DEV_REDIST' => 'C:\\Program Files (x86)\\Common Files\\Intel\\Shared Libraries\\'
    'LOCALAPPDATA' => 'C:\\Users\\User\\AppData\\Local'
    'LOGONSERVER' => '\\\\NV-PC323'
    'MAGICK_CODER_FILTER_PATH' => 'd:\\ospanel\\modules\\imagemagick\\modules\\filters'
    'MAGICK_CODER_MODULE_PATH' => 'd:\\ospanel\\modules\\imagemagick\\modules\\coders'
    'MAGICK_CONFIGURE_PATH' => 'd:\\ospanel\\modules\\imagemagick'
    'MAGICK_HOME' => 'd:\\ospanel\\modules\\imagemagick'
    'MAGICK_TEMPORARY_PATH' => 'd:\\ospanel\\userdata\\temp'
    'MIC_LD_LIBRARY_PATH' => 'C:\\Program Files (x86)\\Common Files\\Intel\\Shared Libraries\\compiler\\lib\\mic'
    'NUMBER_OF_PROCESSORS' => '8'
    'OneDrive' => 'D:\\ospanel\\modules\\php\\PHP_7.3-x64\\php.exe'
    'OPENSSL_CONF' => 'd:\\ospanel\\modules\\http\\Apache_2.4-PHP_7.2-7.3-x64\\conf\\openssl.cnf'
    'OS' => 'Windows_NT'
    'Path' => 'D:\\ospanel\\modules\\conemu\\ConEmu\\Scripts;D:\\ospanel\\modules\\conemu;D:\\ospanel\\modules\\conemu\\ConEmu;d:\\ospanel\\modules\\php\\PHP_7.3-x64\\ext;d:\\ospanel\\modules\\php\\PHP_7.3-x64\\pear;d:\\ospanel\\modules\\php\\PHP_7.3-x64\\pear\\bin;d:\\ospanel\\modules\\php\\PHP_7.3-x64;d:\\ospanel\\modules\\imagemagick;d:\\ospanel\\modules\\wget\\bin;d:\\ospanel\\modules\\database\\MySQL-5.7-x64\\bin;d:\\ospanel\\modules\\http\\Apache_2.4-PHP_7.2-7.3-x64\\bin;d:\\ospanel\\modules\\http\\Apache_2.4-PHP_7.2-7.3-x64;C:\\Windows\\system32;C:\\Windows;C:\\Windows\\system32\\Wbem;C:\\Windows\\SysWOW64'
    'PATHEXT' => '.COM;.EXE;.BAT;.CMD;.VBS;.VBE;.JS;.JSE;.WSF;.WSH;.MSC'
    'PHPBIN' => 'd:\\ospanel\\modules\\php\\PHP_7.3-x64\\php.exe'
    'PHPDIR' => 'd:\\ospanel\\modules\\php\\PHP_7.3-x64\\'
    'PHPRC' => 'd:\\ospanel\\modules\\php\\PHP_7.3-x64'
    'PHP_BIN' => 'd:\\ospanel\\modules\\php\\PHP_7.3-x64\\php.exe'
    'PHP_BINARY' => 'd:\\ospanel\\modules\\php\\PHP_7.3-x64\\php.exe'
    'PHP_BINDIR' => 'd:\\ospanel\\modules\\php\\PHP_7.3-x64\\'
    'PHP_COMMAND' => 'php.exe'
    'PHP_DIR' => 'd:\\ospanel\\modules\\php\\PHP_7.3-x64\\'
    'PHP_INI' => 'd:\\ospanel\\modules\\php\\PHP_7.3-x64\\php.ini'
    'PHP_PEAR_BIN_DIR' => 'd:\\ospanel\\modules\\php\\PHP_7.3-x64\\PEAR'
    'PHP_PEAR_DATA_DIR' => 'd:\\ospanel\\modules\\php\\PHP_7.3-x64\\PEAR\\data'
    'PHP_PEAR_DOC_DIR' => 'd:\\ospanel\\modules\\php\\PHP_7.3-x64\\PEAR\\docs'
    'PHP_PEAR_INSTALL_DIR' => 'd:\\ospanel\\modules\\php\\PHP_7.3-x64\\PEAR\\pear'
    'PHP_PEAR_PHP_BIN' => 'd:\\ospanel\\modules\\php\\PHP_7.3-x64\\php.exe'
    'PHP_PEAR_SYSCONF_DIR' => 'd:\\ospanel\\modules\\php\\PHP_7.3-x64\\PEAR'
    'PHP_PEAR_TEST_DIR' => 'd:\\ospanel\\modules\\php\\PHP_7.3-x64\\PEAR\\tests'
    'PROCESSOR_ARCHITECTURE' => 'AMD64'
    'PROCESSOR_IDENTIFIER' => 'Intel64 Family 6 Model 165 Stepping 3, GenuineIntel'
    'PROCESSOR_LEVEL' => '6'
    'PROCESSOR_REVISION' => 'a503'
    'ProgramData' => 'C:\\ProgramData'
    'ProgramFiles' => 'C:\\Program Files'
    'ProgramFiles(x86)' => 'C:\\Program Files (x86)'
    'ProgramW6432' => 'C:\\Program Files'
    'PROMPT' => '$E[m$E[32m$E]9;8;\"USERNAME\"$E\\@$E]9;8;\"COMPUTERNAME\"$E\\$S$E[92m$P$E[90m$_$E[90m$$$E[m$S$E]9;12$E\\'
    'PSModulePath' => 'C:\\Program Files\\WindowsPowerShell\\Modules;C:\\Windows\\system32\\WindowsPowerShell\\v1.0\\Modules'
    'PUBLIC' => 'C:\\Users\\Public'
    'SESSIONNAME' => 'Console'
    'SystemDrive' => 'C:'
    'SystemRoot' => 'C:\\Windows'
    'TEMP' => 'd:\\ospanel\\userdata\\temp'
    'TMP' => 'd:\\ospanel\\userdata\\temp'
    'USERDOMAIN' => 'NV-PC323'
    'USERDOMAIN_ROAMINGPROFILE' => 'NV-PC323'
    'USERNAME' => 'User'
    'USERPROFILE' => 'C:\\Users\\User'
    'windir' => 'C:\\Windows'
    'YII_PATH' => 'd:\\OSPanel\\domains\\smk.loc\\'
    'PHP_SELF' => 'd:\\OSPanel\\domains\\smk.loc\\yii'
    'SCRIPT_NAME' => 'd:\\OSPanel\\domains\\smk.loc\\yii'
    'SCRIPT_FILENAME' => 'd:\\OSPanel\\domains\\smk.loc\\yii'
    'PATH_TRANSLATED' => 'd:\\OSPanel\\domains\\smk.loc\\yii'
    'DOCUMENT_ROOT' => ''
    'REQUEST_TIME_FLOAT' => 1685953448.2397
    'REQUEST_TIME' => 1685953448
    'argv' => [
        0 => 'd:\\OSPanel\\domains\\smk.loc\\yii'
        1 => 'migarte/create'
        2 => 'add'
        3 => 'ans_id'
        4 => 'column'
        5 => 'to'
        6 => 'result_test'
        7 => 'table'
    ]
    'argc' => 8
]
